[ 2018-10-18T09:44:17+08:00 ] 127.0.0.1 /index.php/wx/socket
INFO: [ app_init ] --START--
INFO: Run Behavior\BuildLiteBehavior [ RunTime:0.000004s ]
INFO: [ app_init ] --END-- [ RunTime:0.000067s ]
INFO: [ app_begin ] --START--
INFO: Run Behavior\ReadHtmlCacheBehavior [ RunTime:0.000833s ]
INFO: [ app_begin ] --END-- [ RunTime:0.000856s ]
NOTIC: [8192] Methods with the same name as their class will not be constructors in a future version of PHP; Prpcrypt has a deprecated constructor G:\zt.ltthk.top\Application\Common\Wx\pkcs7Encoder.php 第 59 行.
NOTIC: [2] DOMDocument::loadXML(): Empty string supplied as input G:\zt.ltthk.top\Application\Admin\Controller\WxController.class.php 第 46 行.
NOTIC: [8] Trying to get property of non-object G:\zt.ltthk.top\Application\Admin\Controller\WxController.class.php 第 48 行.
INFO: [ app_end ] --START--
INFO: Run Behavior\ShowPageTraceBehavior [ RunTime:0.000715s ]
INFO: [ app_end ] --END-- [ RunTime:0.000736s ]

[ 2018-10-18T10:03:49+08:00 ] 127.0.0.1 /index.php/wx/socket
INFO: [ app_init ] --START--
INFO: Run Behavior\BuildLiteBehavior [ RunTime:0.000004s ]
INFO: [ app_init ] --END-- [ RunTime:0.000025s ]
INFO: [ app_begin ] --START--
INFO: Run Behavior\ReadHtmlCacheBehavior [ RunTime:0.000340s ]
INFO: [ app_begin ] --END-- [ RunTime:0.000363s ]
NOTIC: [8192] Methods with the same name as their class will not be constructors in a future version of PHP; Prpcrypt has a deprecated constructor G:\zt.ltthk.top\Application\Common\Wx\pkcs7Encoder.php 第 59 行.
NOTIC: [4096] Object of class Common\Wx\WXBizMsgCrypt could not be converted to string G:\zt.ltthk.top\Application\Admin\Controller\WxController.class.php 第 38 行.

[ 2018-10-18T10:03:58+08:00 ] 127.0.0.1 /index.php/wx/socket
INFO: [ app_init ] --START--
INFO: Run Behavior\BuildLiteBehavior [ RunTime:0.000003s ]
INFO: [ app_init ] --END-- [ RunTime:0.000021s ]
INFO: [ app_begin ] --START--
INFO: Run Behavior\ReadHtmlCacheBehavior [ RunTime:0.000235s ]
INFO: [ app_begin ] --END-- [ RunTime:0.000250s ]
NOTIC: [8192] Methods with the same name as their class will not be constructors in a future version of PHP; Prpcrypt has a deprecated constructor G:\zt.ltthk.top\Application\Common\Wx\pkcs7Encoder.php 第 59 行.
NOTIC: [4096] Object of class Common\Wx\WXBizMsgCrypt could not be converted to string G:\zt.ltthk.top\Application\Admin\Controller\WxController.class.php 第 39 行.

[ 2018-10-18T10:04:05+08:00 ] 127.0.0.1 /index.php/wx/socket
INFO: [ app_init ] --START--
INFO: Run Behavior\BuildLiteBehavior [ RunTime:0.000004s ]
INFO: [ app_init ] --END-- [ RunTime:0.000036s ]
INFO: [ app_begin ] --START--
INFO: Run Behavior\ReadHtmlCacheBehavior [ RunTime:0.000228s ]
INFO: [ app_begin ] --END-- [ RunTime:0.000243s ]
NOTIC: [8192] Methods with the same name as their class will not be constructors in a future version of PHP; Prpcrypt has a deprecated constructor G:\zt.ltthk.top\Application\Common\Wx\pkcs7Encoder.php 第 59 行.
NOTIC: [4096] Object of class Common\Wx\WXBizMsgCrypt could not be converted to string G:\zt.ltthk.top\Application\Admin\Controller\WxController.class.php 第 39 行.

[ 2018-10-18T10:04:12+08:00 ] 127.0.0.1 /index.php/wx/socket
INFO: [ app_init ] --START--
INFO: Run Behavior\BuildLiteBehavior [ RunTime:0.000004s ]
INFO: [ app_init ] --END-- [ RunTime:0.000020s ]
INFO: [ app_begin ] --START--
INFO: Run Behavior\ReadHtmlCacheBehavior [ RunTime:0.000233s ]
INFO: [ app_begin ] --END-- [ RunTime:0.000249s ]
NOTIC: [8192] Methods with the same name as their class will not be constructors in a future version of PHP; Prpcrypt has a deprecated constructor G:\zt.ltthk.top\Application\Common\Wx\pkcs7Encoder.php 第 59 行.
NOTIC: [4096] Object of class Common\Wx\WXBizMsgCrypt could not be converted to string G:\zt.ltthk.top\Application\Admin\Controller\WxController.class.php 第 39 行.

[ 2018-10-18T10:14:51+08:00 ] 127.0.0.1 /index.php/wx/socket
INFO: [ app_init ] --START--
INFO: Run Behavior\BuildLiteBehavior [ RunTime:0.000004s ]
INFO: [ app_init ] --END-- [ RunTime:0.000024s ]
INFO: [ app_begin ] --START--
INFO: Run Behavior\ReadHtmlCacheBehavior [ RunTime:0.000275s ]
INFO: [ app_begin ] --END-- [ RunTime:0.000291s ]
NOTIC: [8192] Methods with the same name as their class will not be constructors in a future version of PHP; Prpcrypt has a deprecated constructor G:\zt.ltthk.top\Application\Common\Wx\pkcs7Encoder.php 第 59 行.
NOTIC: [4096] Object of class Common\Wx\WXBizMsgCrypt could not be converted to string G:\zt.ltthk.top\Application\Admin\Controller\WxController.class.php 第 46 行.
NOTIC: [2] DOMDocument::loadXML(): Empty string supplied as input G:\zt.ltthk.top\Application\Admin\Controller\WxController.class.php 第 49 行.
NOTIC: [8] Trying to get property of non-object G:\zt.ltthk.top\Application\Admin\Controller\WxController.class.php 第 51 行.
INFO: [ app_end ] --START--
INFO: Run Behavior\ShowPageTraceBehavior [ RunTime:0.000315s ]
INFO: [ app_end ] --END-- [ RunTime:0.000334s ]

[ 2018-10-18T10:16:12+08:00 ] 127.0.0.1 /index.php/wx/socket
INFO: [ app_init ] --START--
INFO: Run Behavior\BuildLiteBehavior [ RunTime:0.000003s ]
INFO: [ app_init ] --END-- [ RunTime:0.000020s ]
INFO: [ app_begin ] --START--
INFO: Run Behavior\ReadHtmlCacheBehavior [ RunTime:0.000239s ]
INFO: [ app_begin ] --END-- [ RunTime:0.000255s ]
NOTIC: [8192] Methods with the same name as their class will not be constructors in a future version of PHP; Prpcrypt has a deprecated constructor G:\zt.ltthk.top\Application\Common\Wx\pkcs7Encoder.php 第 59 行.
NOTIC: [4096] Object of class Common\Wx\WXBizMsgCrypt could not be converted to string G:\zt.ltthk.top\Application\Admin\Controller\WxController.class.php 第 46 行.
NOTIC: [2] DOMDocument::loadXML(): Empty string supplied as input G:\zt.ltthk.top\Application\Admin\Controller\WxController.class.php 第 49 行.
NOTIC: [8] Trying to get property of non-object G:\zt.ltthk.top\Application\Admin\Controller\WxController.class.php 第 51 行.
NOTIC: [4096] Object of class Common\Wx\WXBizMsgCrypt could not be converted to string G:\zt.ltthk.top\Application\Common\Wx\WXBizMsgCrypt.class.php 第 105 行.

[ 2018-10-18T10:16:23+08:00 ] 127.0.0.1 /index.php/wx/socket
INFO: [ app_init ] --START--
INFO: Run Behavior\BuildLiteBehavior [ RunTime:0.000004s ]
INFO: [ app_init ] --END-- [ RunTime:0.000019s ]
INFO: [ app_begin ] --START--
INFO: Run Behavior\ReadHtmlCacheBehavior [ RunTime:0.000268s ]
INFO: [ app_begin ] --END-- [ RunTime:0.000282s ]
NOTIC: [8192] Methods with the same name as their class will not be constructors in a future version of PHP; Prpcrypt has a deprecated constructor G:\zt.ltthk.top\Application\Common\Wx\pkcs7Encoder.php 第 59 行.
NOTIC: [4096] Object of class Common\Wx\WXBizMsgCrypt could not be converted to string G:\zt.ltthk.top\Application\Admin\Controller\WxController.class.php 第 46 行.
NOTIC: [2] DOMDocument::loadXML(): Empty string supplied as input G:\zt.ltthk.top\Application\Admin\Controller\WxController.class.php 第 49 行.
NOTIC: [8] Trying to get property of non-object G:\zt.ltthk.top\Application\Admin\Controller\WxController.class.php 第 51 行.
NOTIC: [4096] Object of class Common\Wx\WXBizMsgCrypt could not be converted to string G:\zt.ltthk.top\Application\Common\Wx\WXBizMsgCrypt.class.php 第 105 行.

[ 2018-10-18T10:16:24+08:00 ] 127.0.0.1 /index.php/wx/socket
INFO: [ app_init ] --START--
INFO: Run Behavior\BuildLiteBehavior [ RunTime:0.000004s ]
INFO: [ app_init ] --END-- [ RunTime:0.000021s ]
INFO: [ app_begin ] --START--
INFO: Run Behavior\ReadHtmlCacheBehavior [ RunTime:0.000230s ]
INFO: [ app_begin ] --END-- [ RunTime:0.000245s ]
NOTIC: [8192] Methods with the same name as their class will not be constructors in a future version of PHP; Prpcrypt has a deprecated constructor G:\zt.ltthk.top\Application\Common\Wx\pkcs7Encoder.php 第 59 行.
NOTIC: [4096] Object of class Common\Wx\WXBizMsgCrypt could not be converted to string G:\zt.ltthk.top\Application\Admin\Controller\WxController.class.php 第 46 行.
NOTIC: [2] DOMDocument::loadXML(): Empty string supplied as input G:\zt.ltthk.top\Application\Admin\Controller\WxController.class.php 第 49 行.
NOTIC: [8] Trying to get property of non-object G:\zt.ltthk.top\Application\Admin\Controller\WxController.class.php 第 51 行.
NOTIC: [4096] Object of class Common\Wx\WXBizMsgCrypt could not be converted to string G:\zt.ltthk.top\Application\Common\Wx\WXBizMsgCrypt.class.php 第 105 行.

[ 2018-10-18T10:16:25+08:00 ] 127.0.0.1 /index.php/wx/socket
INFO: [ app_init ] --START--
INFO: Run Behavior\BuildLiteBehavior [ RunTime:0.000010s ]
INFO: [ app_init ] --END-- [ RunTime:0.000046s ]
INFO: [ app_begin ] --START--
INFO: Run Behavior\ReadHtmlCacheBehavior [ RunTime:0.000268s ]
INFO: [ app_begin ] --END-- [ RunTime:0.000287s ]
NOTIC: [8192] Methods with the same name as their class will not be constructors in a future version of PHP; Prpcrypt has a deprecated constructor G:\zt.ltthk.top\Application\Common\Wx\pkcs7Encoder.php 第 59 行.
NOTIC: [4096] Object of class Common\Wx\WXBizMsgCrypt could not be converted to string G:\zt.ltthk.top\Application\Admin\Controller\WxController.class.php 第 46 行.
NOTIC: [2] DOMDocument::loadXML(): Empty string supplied as input G:\zt.ltthk.top\Application\Admin\Controller\WxController.class.php 第 49 行.
NOTIC: [8] Trying to get property of non-object G:\zt.ltthk.top\Application\Admin\Controller\WxController.class.php 第 51 行.
NOTIC: [4096] Object of class Common\Wx\WXBizMsgCrypt could not be converted to string G:\zt.ltthk.top\Application\Common\Wx\WXBizMsgCrypt.class.php 第 105 行.

[ 2018-10-18T10:16:25+08:00 ] 127.0.0.1 /index.php/wx/socket
INFO: [ app_init ] --START--
INFO: Run Behavior\BuildLiteBehavior [ RunTime:0.000006s ]
INFO: [ app_init ] --END-- [ RunTime:0.000028s ]
INFO: [ app_begin ] --START--
INFO: Run Behavior\ReadHtmlCacheBehavior [ RunTime:0.000323s ]
INFO: [ app_begin ] --END-- [ RunTime:0.000347s ]
NOTIC: [8192] Methods with the same name as their class will not be constructors in a future version of PHP; Prpcrypt has a deprecated constructor G:\zt.ltthk.top\Application\Common\Wx\pkcs7Encoder.php 第 59 行.
NOTIC: [4096] Object of class Common\Wx\WXBizMsgCrypt could not be converted to string G:\zt.ltthk.top\Application\Admin\Controller\WxController.class.php 第 46 行.
NOTIC: [2] DOMDocument::loadXML(): Empty string supplied as input G:\zt.ltthk.top\Application\Admin\Controller\WxController.class.php 第 49 行.
NOTIC: [8] Trying to get property of non-object G:\zt.ltthk.top\Application\Admin\Controller\WxController.class.php 第 51 行.
NOTIC: [4096] Object of class Common\Wx\WXBizMsgCrypt could not be converted to string G:\zt.ltthk.top\Application\Common\Wx\WXBizMsgCrypt.class.php 第 105 行.

[ 2018-10-18T10:16:26+08:00 ] 127.0.0.1 /index.php/wx/socket
INFO: [ app_init ] --START--
INFO: Run Behavior\BuildLiteBehavior [ RunTime:0.000004s ]
INFO: [ app_init ] --END-- [ RunTime:0.000023s ]
INFO: [ app_begin ] --START--
INFO: Run Behavior\ReadHtmlCacheBehavior [ RunTime:0.000246s ]
INFO: [ app_begin ] --END-- [ RunTime:0.000263s ]
NOTIC: [8192] Methods with the same name as their class will not be constructors in a future version of PHP; Prpcrypt has a deprecated constructor G:\zt.ltthk.top\Application\Common\Wx\pkcs7Encoder.php 第 59 行.
NOTIC: [4096] Object of class Common\Wx\WXBizMsgCrypt could not be converted to string G:\zt.ltthk.top\Application\Admin\Controller\WxController.class.php 第 46 行.
NOTIC: [2] DOMDocument::loadXML(): Empty string supplied as input G:\zt.ltthk.top\Application\Admin\Controller\WxController.class.php 第 49 行.
NOTIC: [8] Trying to get property of non-object G:\zt.ltthk.top\Application\Admin\Controller\WxController.class.php 第 51 行.
NOTIC: [4096] Object of class Common\Wx\WXBizMsgCrypt could not be converted to string G:\zt.ltthk.top\Application\Common\Wx\WXBizMsgCrypt.class.php 第 105 行.

[ 2018-10-18T10:17:02+08:00 ] 127.0.0.1 /index.php/wx/socket
INFO: [ app_init ] --START--
INFO: Run Behavior\BuildLiteBehavior [ RunTime:0.000004s ]
INFO: [ app_init ] --END-- [ RunTime:0.000023s ]
INFO: [ app_begin ] --START--
INFO: Run Behavior\ReadHtmlCacheBehavior [ RunTime:0.000409s ]
INFO: [ app_begin ] --END-- [ RunTime:0.000436s ]
NOTIC: [8192] Methods with the same name as their class will not be constructors in a future version of PHP; Prpcrypt has a deprecated constructor G:\zt.ltthk.top\Application\Common\Wx\pkcs7Encoder.php 第 59 行.
NOTIC: [4096] Object of class Common\Wx\WXBizMsgCrypt could not be converted to string G:\zt.ltthk.top\Application\Admin\Controller\WxController.class.php 第 47 行.
NOTIC: [2] DOMDocument::loadXML(): Empty string supplied as input G:\zt.ltthk.top\Application\Admin\Controller\WxController.class.php 第 50 行.
NOTIC: [8] Trying to get property of non-object G:\zt.ltthk.top\Application\Admin\Controller\WxController.class.php 第 52 行.
NOTIC: [4096] Object of class Common\Wx\WXBizMsgCrypt could not be converted to string G:\zt.ltthk.top\Application\Common\Wx\WXBizMsgCrypt.class.php 第 105 行.

[ 2018-10-18T10:17:40+08:00 ] 127.0.0.1 /index.php/wx/socket
INFO: [ app_init ] --START--
INFO: Run Behavior\BuildLiteBehavior [ RunTime:0.000017s ]
INFO: [ app_init ] --END-- [ RunTime:0.000064s ]
INFO: [ app_begin ] --START--
INFO: Run Behavior\ReadHtmlCacheBehavior [ RunTime:0.000243s ]
INFO: [ app_begin ] --END-- [ RunTime:0.000263s ]
NOTIC: [8192] Methods with the same name as their class will not be constructors in a future version of PHP; Prpcrypt has a deprecated constructor G:\zt.ltthk.top\Application\Common\Wx\pkcs7Encoder.php 第 59 行.
NOTIC: [4096] Object of class Common\Wx\WXBizMsgCrypt could not be converted to string G:\zt.ltthk.top\Application\Admin\Controller\WxController.class.php 第 47 行.
NOTIC: [2] DOMDocument::loadXML(): Empty string supplied as input G:\zt.ltthk.top\Application\Admin\Controller\WxController.class.php 第 50 行.
NOTIC: [8] Trying to get property of non-object G:\zt.ltthk.top\Application\Admin\Controller\WxController.class.php 第 52 行.
INFO: [ app_end ] --START--
INFO: Run Behavior\ShowPageTraceBehavior [ RunTime:0.000710s ]
INFO: [ app_end ] --END-- [ RunTime:0.000781s ]

[ 2018-10-18T10:18:13+08:00 ] 127.0.0.1 /index.php/wx/socket
INFO: [ app_init ] --START--
INFO: Run Behavior\BuildLiteBehavior [ RunTime:0.000005s ]
INFO: [ app_init ] --END-- [ RunTime:0.000022s ]
INFO: [ app_begin ] --START--
INFO: Run Behavior\ReadHtmlCacheBehavior [ RunTime:0.000244s ]
INFO: [ app_begin ] --END-- [ RunTime:0.000261s ]
NOTIC: [8192] Methods with the same name as their class will not be constructors in a future version of PHP; Prpcrypt has a deprecated constructor G:\zt.ltthk.top\Application\Common\Wx\pkcs7Encoder.php 第 59 行.
NOTIC: [4096] Object of class Common\Wx\WXBizMsgCrypt could not be converted to string G:\zt.ltthk.top\Application\Admin\Controller\WxController.class.php 第 47 行.
NOTIC: [2] DOMDocument::loadXML(): Empty string supplied as input G:\zt.ltthk.top\Application\Admin\Controller\WxController.class.php 第 50 行.
NOTIC: [8] Trying to get property of non-object G:\zt.ltthk.top\Application\Admin\Controller\WxController.class.php 第 52 行.

[ 2018-10-18T10:18:25+08:00 ] 127.0.0.1 /index.php/wx/socket
INFO: [ app_init ] --START--
INFO: Run Behavior\BuildLiteBehavior [ RunTime:0.000003s ]
INFO: [ app_init ] --END-- [ RunTime:0.000041s ]
INFO: [ app_begin ] --START--
INFO: Run Behavior\ReadHtmlCacheBehavior [ RunTime:0.000230s ]
INFO: [ app_begin ] --END-- [ RunTime:0.000246s ]
NOTIC: [8192] Methods with the same name as their class will not be constructors in a future version of PHP; Prpcrypt has a deprecated constructor G:\zt.ltthk.top\Application\Common\Wx\pkcs7Encoder.php 第 59 行.
NOTIC: [4096] Object of class Common\Wx\WXBizMsgCrypt could not be converted to string G:\zt.ltthk.top\Application\Admin\Controller\WxController.class.php 第 47 行.
NOTIC: [2] DOMDocument::loadXML(): Empty string supplied as input G:\zt.ltthk.top\Application\Admin\Controller\WxController.class.php 第 50 行.
NOTIC: [8] Trying to get property of non-object G:\zt.ltthk.top\Application\Admin\Controller\WxController.class.php 第 52 行.

[ 2018-10-18T10:18:35+08:00 ] 127.0.0.1 /index.php/wx/socket
INFO: [ app_init ] --START--
INFO: Run Behavior\BuildLiteBehavior [ RunTime:0.000004s ]
INFO: [ app_init ] --END-- [ RunTime:0.000020s ]
INFO: [ app_begin ] --START--
INFO: Run Behavior\ReadHtmlCacheBehavior [ RunTime:0.000230s ]
INFO: [ app_begin ] --END-- [ RunTime:0.000245s ]
NOTIC: [8192] Methods with the same name as their class will not be constructors in a future version of PHP; Prpcrypt has a deprecated constructor G:\zt.ltthk.top\Application\Common\Wx\pkcs7Encoder.php 第 59 行.
NOTIC: [4096] Object of class Common\Wx\WXBizMsgCrypt could not be converted to string G:\zt.ltthk.top\Application\Admin\Controller\WxController.class.php 第 47 行.
NOTIC: [2] DOMDocument::loadXML(): Empty string supplied as input G:\zt.ltthk.top\Application\Admin\Controller\WxController.class.php 第 50 行.
NOTIC: [8] Trying to get property of non-object G:\zt.ltthk.top\Application\Admin\Controller\WxController.class.php 第 52 行.

[ 2018-10-18T10:18:49+08:00 ] 127.0.0.1 /index.php/wx/socket
INFO: [ app_init ] --START--
INFO: Run Behavior\BuildLiteBehavior [ RunTime:0.000003s ]
INFO: [ app_init ] --END-- [ RunTime:0.000020s ]
INFO: [ app_begin ] --START--
INFO: Run Behavior\ReadHtmlCacheBehavior [ RunTime:0.000229s ]
INFO: [ app_begin ] --END-- [ RunTime:0.000246s ]
NOTIC: [8192] Methods with the same name as their class will not be constructors in a future version of PHP; Prpcrypt has a deprecated constructor G:\zt.ltthk.top\Application\Common\Wx\pkcs7Encoder.php 第 59 行.
NOTIC: [4096] Object of class Common\Wx\WXBizMsgCrypt could not be converted to string G:\zt.ltthk.top\Application\Admin\Controller\WxController.class.php 第 47 行.
NOTIC: [2] DOMDocument::loadXML(): Empty string supplied as input G:\zt.ltthk.top\Application\Admin\Controller\WxController.class.php 第 50 行.
NOTIC: [8] Trying to get property of non-object G:\zt.ltthk.top\Application\Admin\Controller\WxController.class.php 第 52 行.
INFO: [ app_end ] --START--
INFO: Run Behavior\ShowPageTraceBehavior [ RunTime:0.000311s ]
INFO: [ app_end ] --END-- [ RunTime:0.000333s ]

[ 2018-10-18T10:19:23+08:00 ] 127.0.0.1 /index.php/wx/socket
INFO: [ app_init ] --START--
INFO: Run Behavior\BuildLiteBehavior [ RunTime:0.000004s ]
INFO: [ app_init ] --END-- [ RunTime:0.000019s ]
INFO: [ app_begin ] --START--
INFO: Run Behavior\ReadHtmlCacheBehavior [ RunTime:0.000295s ]
INFO: [ app_begin ] --END-- [ RunTime:0.000311s ]
NOTIC: [8192] Methods with the same name as their class will not be constructors in a future version of PHP; Prpcrypt has a deprecated constructor G:\zt.ltthk.top\Application\Common\Wx\pkcs7Encoder.php 第 59 行.
NOTIC: [4096] Object of class Common\Wx\WXBizMsgCrypt could not be converted to string G:\zt.ltthk.top\Application\Admin\Controller\WxController.class.php 第 47 行.
NOTIC: [2] DOMDocument::loadXML(): Empty string supplied as input G:\zt.ltthk.top\Application\Admin\Controller\WxController.class.php 第 50 行.
NOTIC: [8] Trying to get property of non-object G:\zt.ltthk.top\Application\Admin\Controller\WxController.class.php 第 52 行.

[ 2018-10-18T10:37:10+08:00 ] 127.0.0.1 /index.php/wx/socket
INFO: [ app_init ] --START--
INFO: Run Behavior\BuildLiteBehavior [ RunTime:0.000004s ]
INFO: [ app_init ] --END-- [ RunTime:0.000022s ]
INFO: [ app_begin ] --START--
INFO: Run Behavior\ReadHtmlCacheBehavior [ RunTime:0.000580s ]
INFO: [ app_begin ] --END-- [ RunTime:0.000602s ]
NOTIC: [8192] Methods with the same name as their class will not be constructors in a future version of PHP; Prpcrypt has a deprecated constructor G:\zt.ltthk.top\Application\Common\Wx\pkcs7Encoder.php 第 59 行.

[ 2018-10-18T10:37:43+08:00 ] 127.0.0.1 /index.php/wx/socket
INFO: [ app_init ] --START--
INFO: Run Behavior\BuildLiteBehavior [ RunTime:0.000004s ]
INFO: [ app_init ] --END-- [ RunTime:0.000022s ]
INFO: [ app_begin ] --START--
INFO: Run Behavior\ReadHtmlCacheBehavior [ RunTime:0.000250s ]
INFO: [ app_begin ] --END-- [ RunTime:0.000267s ]
NOTIC: [8192] Methods with the same name as their class will not be constructors in a future version of PHP; Prpcrypt has a deprecated constructor G:\zt.ltthk.top\Application\Common\Wx\pkcs7Encoder.php 第 59 行.

[ 2018-10-18T10:39:00+08:00 ] 127.0.0.1 /index.php/wx/socket
INFO: [ app_init ] --START--
INFO: Run Behavior\BuildLiteBehavior [ RunTime:0.000004s ]
INFO: [ app_init ] --END-- [ RunTime:0.000021s ]
INFO: [ app_begin ] --START--
INFO: Run Behavior\ReadHtmlCacheBehavior [ RunTime:0.000252s ]
INFO: [ app_begin ] --END-- [ RunTime:0.000269s ]
NOTIC: [8192] Methods with the same name as their class will not be constructors in a future version of PHP; Prpcrypt has a deprecated constructor G:\zt.ltthk.top\Application\Common\Wx\pkcs7Encoder.php 第 59 行.

[ 2018-10-18T10:39:06+08:00 ] 127.0.0.1 /index.php/wx/socket
INFO: [ app_init ] --START--
INFO: Run Behavior\BuildLiteBehavior [ RunTime:0.000029s ]
INFO: [ app_init ] --END-- [ RunTime:0.000062s ]
INFO: [ app_begin ] --START--
INFO: Run Behavior\ReadHtmlCacheBehavior [ RunTime:0.000275s ]
INFO: [ app_begin ] --END-- [ RunTime:0.000293s ]
NOTIC: [8192] Methods with the same name as their class will not be constructors in a future version of PHP; Prpcrypt has a deprecated constructor G:\zt.ltthk.top\Application\Common\Wx\pkcs7Encoder.php 第 59 行.

[ 2018-10-18T10:39:19+08:00 ] 127.0.0.1 /index.php/wx/socket
INFO: [ app_init ] --START--
INFO: Run Behavior\BuildLiteBehavior [ RunTime:0.000005s ]
INFO: [ app_init ] --END-- [ RunTime:0.000026s ]
INFO: [ app_begin ] --START--
INFO: Run Behavior\ReadHtmlCacheBehavior [ RunTime:0.000280s ]
INFO: [ app_begin ] --END-- [ RunTime:0.000300s ]
NOTIC: [8192] Methods with the same name as their class will not be constructors in a future version of PHP; Prpcrypt has a deprecated constructor G:\zt.ltthk.top\Application\Common\Wx\pkcs7Encoder.php 第 59 行.

[ 2018-10-18T10:39:26+08:00 ] 127.0.0.1 /index.php/wx/socket
INFO: [ app_init ] --START--
INFO: Run Behavior\BuildLiteBehavior [ RunTime:0.000003s ]
INFO: [ app_init ] --END-- [ RunTime:0.000019s ]
INFO: [ app_begin ] --START--
INFO: Run Behavior\ReadHtmlCacheBehavior [ RunTime:0.000226s ]
INFO: [ app_begin ] --END-- [ RunTime:0.000242s ]
NOTIC: [8192] Methods with the same name as their class will not be constructors in a future version of PHP; Prpcrypt has a deprecated constructor G:\zt.ltthk.top\Application\Common\Wx\pkcs7Encoder.php 第 59 行.

[ 2018-10-18T10:39:32+08:00 ] 127.0.0.1 /index.php/wx/socket
INFO: [ app_init ] --START--
INFO: Run Behavior\BuildLiteBehavior [ RunTime:0.000003s ]
INFO: [ app_init ] --END-- [ RunTime:0.000020s ]
INFO: [ app_begin ] --START--
INFO: Run Behavior\ReadHtmlCacheBehavior [ RunTime:0.000225s ]
INFO: [ app_begin ] --END-- [ RunTime:0.000241s ]
NOTIC: [8192] Methods with the same name as their class will not be constructors in a future version of PHP; Prpcrypt has a deprecated constructor G:\zt.ltthk.top\Application\Common\Wx\pkcs7Encoder.php 第 59 行.

[ 2018-10-18T10:39:50+08:00 ] 127.0.0.1 /index.php/wx/socket
INFO: [ app_init ] --START--
INFO: Run Behavior\BuildLiteBehavior [ RunTime:0.000003s ]
INFO: [ app_init ] --END-- [ RunTime:0.000019s ]
INFO: [ app_begin ] --START--
INFO: Run Behavior\ReadHtmlCacheBehavior [ RunTime:0.000227s ]
INFO: [ app_begin ] --END-- [ RunTime:0.000243s ]
NOTIC: [8192] Methods with the same name as their class will not be constructors in a future version of PHP; Prpcrypt has a deprecated constructor G:\zt.ltthk.top\Application\Common\Wx\pkcs7Encoder.php 第 59 行.

[ 2018-10-18T10:39:55+08:00 ] 127.0.0.1 /index.php/wx/socket
INFO: [ app_init ] --START--
INFO: Run Behavior\BuildLiteBehavior [ RunTime:0.000003s ]
INFO: [ app_init ] --END-- [ RunTime:0.000020s ]
INFO: [ app_begin ] --START--
INFO: Run Behavior\ReadHtmlCacheBehavior [ RunTime:0.000229s ]
INFO: [ app_begin ] --END-- [ RunTime:0.000244s ]
NOTIC: [8192] Methods with the same name as their class will not be constructors in a future version of PHP; Prpcrypt has a deprecated constructor G:\zt.ltthk.top\Application\Common\Wx\pkcs7Encoder.php 第 59 行.

[ 2018-10-18T10:40:01+08:00 ] 127.0.0.1 /index.php/wx/socket
INFO: [ app_init ] --START--
INFO: Run Behavior\BuildLiteBehavior [ RunTime:0.000004s ]
INFO: [ app_init ] --END-- [ RunTime:0.000022s ]
INFO: [ app_begin ] --START--
INFO: Run Behavior\ReadHtmlCacheBehavior [ RunTime:0.000237s ]
INFO: [ app_begin ] --END-- [ RunTime:0.000253s ]
NOTIC: [8192] Methods with the same name as their class will not be constructors in a future version of PHP; Prpcrypt has a deprecated constructor G:\zt.ltthk.top\Application\Common\Wx\pkcs7Encoder.php 第 59 行.

[ 2018-10-18T10:40:15+08:00 ] 127.0.0.1 /index.php/wx/socket
INFO: [ app_init ] --START--
INFO: Run Behavior\BuildLiteBehavior [ RunTime:0.000003s ]
INFO: [ app_init ] --END-- [ RunTime:0.000020s ]
INFO: [ app_begin ] --START--
INFO: Run Behavior\ReadHtmlCacheBehavior [ RunTime:0.000233s ]
INFO: [ app_begin ] --END-- [ RunTime:0.000249s ]
NOTIC: [8192] Methods with the same name as their class will not be constructors in a future version of PHP; Prpcrypt has a deprecated constructor G:\zt.ltthk.top\Application\Common\Wx\pkcs7Encoder.php 第 59 行.

[ 2018-10-18T10:40:24+08:00 ] 127.0.0.1 /index.php/wx/socket
INFO: [ app_init ] --START--
INFO: Run Behavior\BuildLiteBehavior [ RunTime:0.000004s ]
INFO: [ app_init ] --END-- [ RunTime:0.000021s ]
INFO: [ app_begin ] --START--
INFO: Run Behavior\ReadHtmlCacheBehavior [ RunTime:0.000242s ]
INFO: [ app_begin ] --END-- [ RunTime:0.000257s ]
NOTIC: [8192] Methods with the same name as their class will not be constructors in a future version of PHP; Prpcrypt has a deprecated constructor G:\zt.ltthk.top\Application\Common\Wx\pkcs7Encoder.php 第 59 行.

[ 2018-10-18T10:40:31+08:00 ] 127.0.0.1 /index.php/wx/socket
INFO: [ app_init ] --START--
INFO: Run Behavior\BuildLiteBehavior [ RunTime:0.000004s ]
INFO: [ app_init ] --END-- [ RunTime:0.000020s ]
INFO: [ app_begin ] --START--
INFO: Run Behavior\ReadHtmlCacheBehavior [ RunTime:0.000242s ]
INFO: [ app_begin ] --END-- [ RunTime:0.000258s ]
NOTIC: [8192] Methods with the same name as their class will not be constructors in a future version of PHP; Prpcrypt has a deprecated constructor G:\zt.ltthk.top\Application\Common\Wx\pkcs7Encoder.php 第 59 行.

[ 2018-10-18T10:40:36+08:00 ] 127.0.0.1 /index.php/wx/socket
INFO: [ app_init ] --START--
INFO: Run Behavior\BuildLiteBehavior [ RunTime:0.000004s ]
INFO: [ app_init ] --END-- [ RunTime:0.000021s ]
INFO: [ app_begin ] --START--
INFO: Run Behavior\ReadHtmlCacheBehavior [ RunTime:0.000230s ]
INFO: [ app_begin ] --END-- [ RunTime:0.000246s ]
NOTIC: [8192] Methods with the same name as their class will not be constructors in a future version of PHP; Prpcrypt has a deprecated constructor G:\zt.ltthk.top\Application\Common\Wx\pkcs7Encoder.php 第 59 行.

[ 2018-10-18T10:40:49+08:00 ] 127.0.0.1 /index.php/wx/socket
INFO: [ app_init ] --START--
INFO: Run Behavior\BuildLiteBehavior [ RunTime:0.000003s ]
INFO: [ app_init ] --END-- [ RunTime:0.000019s ]
INFO: [ app_begin ] --START--
INFO: Run Behavior\ReadHtmlCacheBehavior [ RunTime:0.000226s ]
INFO: [ app_begin ] --END-- [ RunTime:0.000241s ]
NOTIC: [8192] Methods with the same name as their class will not be constructors in a future version of PHP; Prpcrypt has a deprecated constructor G:\zt.ltthk.top\Application\Common\Wx\pkcs7Encoder.php 第 59 行.

[ 2018-10-18T10:44:15+08:00 ] 127.0.0.1 /index.php/wx/socket
INFO: [ app_init ] --START--
INFO: Run Behavior\BuildLiteBehavior [ RunTime:0.000004s ]
INFO: [ app_init ] --END-- [ RunTime:0.000021s ]
INFO: [ app_begin ] --START--
INFO: Run Behavior\ReadHtmlCacheBehavior [ RunTime:0.000305s ]
INFO: [ app_begin ] --END-- [ RunTime:0.000321s ]
NOTIC: [8192] Methods with the same name as their class will not be constructors in a future version of PHP; Prpcrypt has a deprecated constructor G:\zt.ltthk.top\Application\Common\Wx\pkcs7Encoder.php 第 59 行.

[ 2018-10-18T10:45:20+08:00 ] 127.0.0.1 /index.php/wx/socket
INFO: [ app_init ] --START--
INFO: Run Behavior\BuildLiteBehavior [ RunTime:0.000004s ]
INFO: [ app_init ] --END-- [ RunTime:0.000019s ]
INFO: [ app_begin ] --START--
INFO: Run Behavior\ReadHtmlCacheBehavior [ RunTime:0.000230s ]
INFO: [ app_begin ] --END-- [ RunTime:0.000246s ]
NOTIC: [8192] Methods with the same name as their class will not be constructors in a future version of PHP; Prpcrypt has a deprecated constructor G:\zt.ltthk.top\Application\Common\Wx\pkcs7Encoder.php 第 59 行.
NOTIC: [8192] Function mcrypt_module_open() is deprecated G:\zt.ltthk.top\Application\Common\Wx\pkcs7Encoder.php 第 113 行.
NOTIC: [8192] Function mcrypt_generic_init() is deprecated G:\zt.ltthk.top\Application\Common\Wx\pkcs7Encoder.php 第 115 行.
NOTIC: [8192] Function mdecrypt_generic() is deprecated G:\zt.ltthk.top\Application\Common\Wx\pkcs7Encoder.php 第 118 行.
NOTIC: [8192] Function mcrypt_generic_deinit() is deprecated G:\zt.ltthk.top\Application\Common\Wx\pkcs7Encoder.php 第 119 行.
NOTIC: [8192] Function mcrypt_module_close() is deprecated G:\zt.ltthk.top\Application\Common\Wx\pkcs7Encoder.php 第 120 行.

[ 2018-10-18T10:45:35+08:00 ] 127.0.0.1 /index.php/wx/socket
INFO: [ app_init ] --START--
INFO: Run Behavior\BuildLiteBehavior [ RunTime:0.000004s ]
INFO: [ app_init ] --END-- [ RunTime:0.000036s ]
INFO: [ app_begin ] --START--
INFO: Run Behavior\ReadHtmlCacheBehavior [ RunTime:0.000326s ]
INFO: [ app_begin ] --END-- [ RunTime:0.000342s ]
NOTIC: [8192] Methods with the same name as their class will not be constructors in a future version of PHP; Prpcrypt has a deprecated constructor G:\zt.ltthk.top\Application\Common\Wx\pkcs7Encoder.php 第 59 行.
NOTIC: [8192] Function mcrypt_module_open() is deprecated G:\zt.ltthk.top\Application\Common\Wx\pkcs7Encoder.php 第 113 行.
NOTIC: [8192] Function mcrypt_generic_init() is deprecated G:\zt.ltthk.top\Application\Common\Wx\pkcs7Encoder.php 第 115 行.
NOTIC: [8192] Function mdecrypt_generic() is deprecated G:\zt.ltthk.top\Application\Common\Wx\pkcs7Encoder.php 第 118 行.
NOTIC: [8192] Function mcrypt_generic_deinit() is deprecated G:\zt.ltthk.top\Application\Common\Wx\pkcs7Encoder.php 第 119 行.
NOTIC: [8192] Function mcrypt_module_close() is deprecated G:\zt.ltthk.top\Application\Common\Wx\pkcs7Encoder.php 第 120 行.

[ 2018-10-18T11:07:52+08:00 ] 127.0.0.1 /index.php/t/get_accessToken
INFO: [ app_init ] --START--
INFO: Run Behavior\BuildLiteBehavior [ RunTime:0.000003s ]
INFO: [ app_init ] --END-- [ RunTime:0.000022s ]
INFO: [ app_begin ] --START--
INFO: Run Behavior\ReadHtmlCacheBehavior [ RunTime:0.000307s ]
INFO: [ app_begin ] --END-- [ RunTime:0.000357s ]
INFO: [ app_end ] --START--
INFO: Run Behavior\ShowPageTraceBehavior [ RunTime:0.018035s ]
INFO: [ app_end ] --END-- [ RunTime:0.018066s ]

[ 2018-10-18T11:12:00+08:00 ] 127.0.0.1 /index.php/t/get_accessToken
INFO: [ app_init ] --START--
INFO: Run Behavior\BuildLiteBehavior [ RunTime:0.000004s ]
INFO: [ app_init ] --END-- [ RunTime:0.000022s ]
INFO: [ app_begin ] --START--
INFO: Run Behavior\ReadHtmlCacheBehavior [ RunTime:0.000486s ]
INFO: [ app_begin ] --END-- [ RunTime:0.000528s ]
INFO: [ app_end ] --START--
INFO: Run Behavior\ShowPageTraceBehavior [ RunTime:0.000370s ]
INFO: [ app_end ] --END-- [ RunTime:0.000395s ]

[ 2018-10-18T11:12:17+08:00 ] 127.0.0.1 /index.php/t/get_accessToken
INFO: [ app_init ] --START--
INFO: Run Behavior\BuildLiteBehavior [ RunTime:0.000012s ]
INFO: [ app_init ] --END-- [ RunTime:0.000040s ]
INFO: [ app_begin ] --START--
INFO: Run Behavior\ReadHtmlCacheBehavior [ RunTime:0.000322s ]
INFO: [ app_begin ] --END-- [ RunTime:0.000338s ]
INFO: [ app_end ] --START--
INFO: Run Behavior\ShowPageTraceBehavior [ RunTime:0.000290s ]
INFO: [ app_end ] --END-- [ RunTime:0.000314s ]

[ 2018-10-18T11:12:52+08:00 ] 127.0.0.1 /index.php/t/get_accessToken
INFO: [ app_init ] --START--
INFO: Run Behavior\BuildLiteBehavior [ RunTime:0.000003s ]
INFO: [ app_init ] --END-- [ RunTime:0.000020s ]
INFO: [ app_begin ] --START--
INFO: Run Behavior\ReadHtmlCacheBehavior [ RunTime:0.000234s ]
INFO: [ app_begin ] --END-- [ RunTime:0.000250s ]
INFO: [ app_end ] --START--
INFO: Run Behavior\ShowPageTraceBehavior [ RunTime:0.000262s ]
INFO: [ app_end ] --END-- [ RunTime:0.000283s ]

[ 2018-10-18T11:14:59+08:00 ] 127.0.0.1 /index.php/t/get_accessToken
INFO: [ app_init ] --START--
INFO: Run Behavior\BuildLiteBehavior [ RunTime:0.000004s ]
INFO: [ app_init ] --END-- [ RunTime:0.000022s ]
INFO: [ app_begin ] --START--
INFO: Run Behavior\ReadHtmlCacheBehavior [ RunTime:0.000291s ]
INFO: [ app_begin ] --END-- [ RunTime:0.000307s ]
INFO: [ app_end ] --START--
INFO: Run Behavior\ShowPageTraceBehavior [ RunTime:0.000313s ]
INFO: [ app_end ] --END-- [ RunTime:0.000333s ]

[ 2018-10-18T11:15:17+08:00 ] 127.0.0.1 /index.php/t/get_accessToken
INFO: [ app_init ] --START--
INFO: Run Behavior\BuildLiteBehavior [ RunTime:0.000004s ]
INFO: [ app_init ] --END-- [ RunTime:0.000021s ]
INFO: [ app_begin ] --START--
INFO: Run Behavior\ReadHtmlCacheBehavior [ RunTime:0.000239s ]
INFO: [ app_begin ] --END-- [ RunTime:0.000255s ]
INFO: [ app_end ] --START--
INFO: Run Behavior\ShowPageTraceBehavior [ RunTime:0.000376s ]
INFO: [ app_end ] --END-- [ RunTime:0.000405s ]

[ 2018-10-18T11:17:02+08:00 ] 127.0.0.1 /index.php/t/get_accessToken
INFO: [ app_init ] --START--
INFO: Run Behavior\BuildLiteBehavior [ RunTime:0.000005s ]
INFO: [ app_init ] --END-- [ RunTime:0.000029s ]
INFO: [ app_begin ] --START--
INFO: Run Behavior\ReadHtmlCacheBehavior [ RunTime:0.003156s ]
INFO: [ app_begin ] --END-- [ RunTime:0.003179s ]
INFO: [ app_end ] --START--
INFO: Run Behavior\ShowPageTraceBehavior [ RunTime:0.000330s ]
INFO: [ app_end ] --END-- [ RunTime:0.000351s ]

[ 2018-10-18T11:17:40+08:00 ] 127.0.0.1 /index.php/t/get_accessToken
INFO: [ app_init ] --START--
INFO: Run Behavior\BuildLiteBehavior [ RunTime:0.000004s ]
INFO: [ app_init ] --END-- [ RunTime:0.000022s ]
INFO: [ app_begin ] --START--
INFO: Run Behavior\ReadHtmlCacheBehavior [ RunTime:0.000236s ]
INFO: [ app_begin ] --END-- [ RunTime:0.000252s ]
INFO: [ app_end ] --START--
INFO: Run Behavior\ShowPageTraceBehavior [ RunTime:0.000267s ]
INFO: [ app_end ] --END-- [ RunTime:0.000288s ]

[ 2018-10-18T11:19:08+08:00 ] 127.0.0.1 /index.php/t/get_accessToken
INFO: [ app_init ] --START--
INFO: Run Behavior\BuildLiteBehavior [ RunTime:0.000004s ]
INFO: [ app_init ] --END-- [ RunTime:0.000020s ]
INFO: [ app_begin ] --START--
INFO: Run Behavior\ReadHtmlCacheBehavior [ RunTime:0.000265s ]
INFO: [ app_begin ] --END-- [ RunTime:0.000282s ]
INFO: [ app_end ] --START--
INFO: Run Behavior\ShowPageTraceBehavior [ RunTime:0.000321s ]
INFO: [ app_end ] --END-- [ RunTime:0.000343s ]

[ 2018-10-18T11:19:45+08:00 ] 127.0.0.1 /index.php/t/get_accessToken
INFO: [ app_init ] --START--
INFO: Run Behavior\BuildLiteBehavior [ RunTime:0.000003s ]
INFO: [ app_init ] --END-- [ RunTime:0.000020s ]
INFO: [ app_begin ] --START--
INFO: Run Behavior\ReadHtmlCacheBehavior [ RunTime:0.000231s ]
INFO: [ app_begin ] --END-- [ RunTime:0.000246s ]
INFO: [ app_end ] --START--
INFO: Run Behavior\ShowPageTraceBehavior [ RunTime:0.000312s ]
INFO: [ app_end ] --END-- [ RunTime:0.000334s ]

[ 2018-10-18T11:22:32+08:00 ] 127.0.0.1 /index.php/t/get_accessToken
INFO: [ app_init ] --START--
INFO: Run Behavior\BuildLiteBehavior [ RunTime:0.000004s ]
INFO: [ app_init ] --END-- [ RunTime:0.000022s ]
INFO: [ app_begin ] --START--
INFO: Run Behavior\ReadHtmlCacheBehavior [ RunTime:0.000265s ]
INFO: [ app_begin ] --END-- [ RunTime:0.000282s ]
INFO: [ app_end ] --START--
INFO: Run Behavior\ShowPageTraceBehavior [ RunTime:0.000406s ]
INFO: [ app_end ] --END-- [ RunTime:0.000430s ]

[ 2018-10-18T11:27:30+08:00 ] 127.0.0.1 /index.php/t/get_accessToken
INFO: [ app_init ] --START--
INFO: Run Behavior\BuildLiteBehavior [ RunTime:0.000003s ]
INFO: [ app_init ] --END-- [ RunTime:0.000022s ]
INFO: [ app_begin ] --START--
INFO: Run Behavior\ReadHtmlCacheBehavior [ RunTime:0.000259s ]
INFO: [ app_begin ] --END-- [ RunTime:0.000275s ]
INFO: [ app_end ] --START--
INFO: Run Behavior\ShowPageTraceBehavior [ RunTime:0.000407s ]
INFO: [ app_end ] --END-- [ RunTime:0.000433s ]

[ 2018-10-18T11:32:41+08:00 ] 127.0.0.1 /index.php/t/get_accessToken
INFO: [ app_init ] --START--
INFO: Run Behavior\BuildLiteBehavior [ RunTime:0.000004s ]
INFO: [ app_init ] --END-- [ RunTime:0.000026s ]
INFO: [ app_begin ] --START--
INFO: Run Behavior\ReadHtmlCacheBehavior [ RunTime:0.000281s ]
INFO: [ app_begin ] --END-- [ RunTime:0.000298s ]
INFO: [ app_end ] --START--
INFO: Run Behavior\ShowPageTraceBehavior [ RunTime:0.000322s ]
INFO: [ app_end ] --END-- [ RunTime:0.000343s ]

[ 2018-10-18T11:35:13+08:00 ] 127.0.0.1 /index.php/t/get_accessToken
INFO: [ app_init ] --START--
INFO: Run Behavior\BuildLiteBehavior [ RunTime:0.000004s ]
INFO: [ app_init ] --END-- [ RunTime:0.000022s ]
INFO: [ app_begin ] --START--
INFO: Run Behavior\ReadHtmlCacheBehavior [ RunTime:0.000281s ]
INFO: [ app_begin ] --END-- [ RunTime:0.000298s ]
INFO: [ app_end ] --START--
INFO: Run Behavior\ShowPageTraceBehavior [ RunTime:0.000324s ]
INFO: [ app_end ] --END-- [ RunTime:0.000359s ]

[ 2018-10-18T11:38:02+08:00 ] 127.0.0.1 /index.php/Wxmaterial/add_material
INFO: [ app_init ] --START--
INFO: Run Behavior\BuildLiteBehavior [ RunTime:0.000004s ]
INFO: [ app_init ] --END-- [ RunTime:0.000039s ]
INFO: [ app_begin ] --START--
INFO: Run Behavior\ReadHtmlCacheBehavior [ RunTime:0.009186s ]
INFO: [ app_begin ] --END-- [ RunTime:0.009214s ]
NOTIC: [8] Use of undefined constant DB_GY - assumed 'DB_GY' G:\zt.ltthk.top\Application\Admin\Controller\WxmaterialController.class.php 第 48 行.
ERR: SQLSTATE[HY000] [1045] Access denied for user 'root'@'localhost' (using password: YES)

[ 2018-10-18T11:39:03+08:00 ] 127.0.0.1 /index.php/Wxmaterial/add_material
INFO: [ app_init ] --START--
INFO: Run Behavior\BuildLiteBehavior [ RunTime:0.000004s ]
INFO: [ app_init ] --END-- [ RunTime:0.000020s ]
INFO: [ app_begin ] --START--
INFO: Run Behavior\ReadHtmlCacheBehavior [ RunTime:0.000231s ]
INFO: [ app_begin ] --END-- [ RunTime:0.000247s ]
NOTIC: [8] Undefined property: stdClass::$access_token G:\zt.ltthk.top\Application\Admin\Controller\WxmaterialController.class.php 第 53 行.
NOTIC: [8] Array to string conversion G:\zt.ltthk.top\Application\Admin\Controller\WxmaterialController.class.php 第 32 行.
NOTIC: [2] curl_errno() expects exactly 1 parameter, 0 given G:\zt.ltthk.top\Application\Admin\Controller\WxmaterialController.class.php 第 35 行.
NOTIC: [8] Undefined index: media_id G:\zt.ltthk.top\Application\Admin\Controller\WxmaterialController.class.php 第 38 行.
INFO: [ app_end ] --START--
INFO: Run Behavior\ShowPageTraceBehavior [ RunTime:0.000490s ]
INFO: [ app_end ] --END-- [ RunTime:0.000513s ]

[ 2018-10-18T11:40:27+08:00 ] 127.0.0.1 /index.php/Wxmaterial/add_material
INFO: [ app_init ] --START--
INFO: Run Behavior\BuildLiteBehavior [ RunTime:0.000004s ]
INFO: [ app_init ] --END-- [ RunTime:0.000022s ]
INFO: [ app_begin ] --START--
INFO: Run Behavior\ReadHtmlCacheBehavior [ RunTime:0.002011s ]
INFO: [ app_begin ] --END-- [ RunTime:0.002044s ]
NOTIC: [8] Array to string conversion G:\zt.ltthk.top\Application\Admin\Controller\WxmaterialController.class.php 第 31 行.
NOTIC: [2] curl_errno() expects exactly 1 parameter, 0 given G:\zt.ltthk.top\Application\Admin\Controller\WxmaterialController.class.php 第 34 行.
NOTIC: [8] Undefined index: media_id G:\zt.ltthk.top\Application\Admin\Controller\WxmaterialController.class.php 第 37 行.
INFO: [ app_end ] --START--
INFO: Run Behavior\ShowPageTraceBehavior [ RunTime:0.000357s ]
INFO: [ app_end ] --END-- [ RunTime:0.000374s ]

[ 2018-10-18T11:41:13+08:00 ] 127.0.0.1 /index.php/Wxmaterial/add_material
INFO: [ app_init ] --START--
INFO: Run Behavior\BuildLiteBehavior [ RunTime:0.000011s ]
INFO: [ app_init ] --END-- [ RunTime:0.000043s ]
INFO: [ app_begin ] --START--
INFO: Run Behavior\ReadHtmlCacheBehavior [ RunTime:0.000339s ]
INFO: [ app_begin ] --END-- [ RunTime:0.000358s ]

[ 2018-10-18T11:41:45+08:00 ] 127.0.0.1 /index.php/Wxmaterial/add_material
INFO: [ app_init ] --START--
INFO: Run Behavior\BuildLiteBehavior [ RunTime:0.000004s ]
INFO: [ app_init ] --END-- [ RunTime:0.000020s ]
INFO: [ app_begin ] --START--
INFO: Run Behavior\ReadHtmlCacheBehavior [ RunTime:0.000229s ]
INFO: [ app_begin ] --END-- [ RunTime:0.000244s ]

[ 2018-10-18T11:42:33+08:00 ] 127.0.0.1 /index.php/Wxmaterial/add_material
INFO: [ app_init ] --START--
INFO: Run Behavior\BuildLiteBehavior [ RunTime:0.000013s ]
INFO: [ app_init ] --END-- [ RunTime:0.000054s ]
INFO: [ app_begin ] --START--
INFO: Run Behavior\ReadHtmlCacheBehavior [ RunTime:0.000265s ]
INFO: [ app_begin ] --END-- [ RunTime:0.000281s ]
NOTIC: [8] Array to string conversion G:\zt.ltthk.top\Application\Admin\Controller\WxmaterialController.class.php 第 31 行.

[ 2018-10-18T11:42:56+08:00 ] 127.0.0.1 /index.php/Wxmaterial/add_material
INFO: [ app_init ] --START--
INFO: Run Behavior\BuildLiteBehavior [ RunTime:0.000003s ]
INFO: [ app_init ] --END-- [ RunTime:0.000020s ]
INFO: [ app_begin ] --START--
INFO: Run Behavior\ReadHtmlCacheBehavior [ RunTime:0.000230s ]
INFO: [ app_begin ] --END-- [ RunTime:0.000245s ]
NOTIC: [8] Array to string conversion G:\zt.ltthk.top\Application\Admin\Controller\WxmaterialController.class.php 第 32 行.

[ 2018-10-18T11:43:27+08:00 ] 127.0.0.1 /index.php/Wxmaterial/add_material
INFO: [ app_init ] --START--
INFO: Run Behavior\BuildLiteBehavior [ RunTime:0.000004s ]
INFO: [ app_init ] --END-- [ RunTime:0.000021s ]
INFO: [ app_begin ] --START--
INFO: Run Behavior\ReadHtmlCacheBehavior [ RunTime:0.000253s ]
INFO: [ app_begin ] --END-- [ RunTime:0.000269s ]
NOTIC: [8] Array to string conversion G:\zt.ltthk.top\Application\Admin\Controller\WxmaterialController.class.php 第 30 行.
NOTIC: [2] curl_errno() expects exactly 1 parameter, 0 given G:\zt.ltthk.top\Application\Admin\Controller\WxmaterialController.class.php 第 33 行.
NOTIC: [8] Undefined index: media_id G:\zt.ltthk.top\Application\Admin\Controller\WxmaterialController.class.php 第 36 行.
INFO: [ app_end ] --START--
INFO: Run Behavior\ShowPageTraceBehavior [ RunTime:0.000422s ]
INFO: [ app_end ] --END-- [ RunTime:0.000441s ]

[ 2018-10-18T11:46:16+08:00 ] 127.0.0.1 /index.php/t/get_accessToken
INFO: [ app_init ] --START--
INFO: Run Behavior\BuildLiteBehavior [ RunTime:0.000004s ]
INFO: [ app_init ] --END-- [ RunTime:0.000022s ]
INFO: [ app_begin ] --START--
INFO: Run Behavior\ReadHtmlCacheBehavior [ RunTime:0.000272s ]
INFO: [ app_begin ] --END-- [ RunTime:0.000288s ]
INFO: [ app_end ] --START--
INFO: Run Behavior\ShowPageTraceBehavior [ RunTime:0.000317s ]
INFO: [ app_end ] --END-- [ RunTime:0.000337s ]

[ 2018-10-18T11:46:18+08:00 ] 127.0.0.1 /index.php/t/get_accessToken
INFO: [ app_init ] --START--
INFO: Run Behavior\BuildLiteBehavior [ RunTime:0.000004s ]
INFO: [ app_init ] --END-- [ RunTime:0.000025s ]
INFO: [ app_begin ] --START--
INFO: Run Behavior\ReadHtmlCacheBehavior [ RunTime:0.000250s ]
INFO: [ app_begin ] --END-- [ RunTime:0.000265s ]
INFO: [ app_end ] --START--
INFO: Run Behavior\ShowPageTraceBehavior [ RunTime:0.000365s ]
INFO: [ app_end ] --END-- [ RunTime:0.000398s ]

[ 2018-10-18T11:46:19+08:00 ] 127.0.0.1 /index.php/t/get_accessToken
INFO: [ app_init ] --START--
INFO: Run Behavior\BuildLiteBehavior [ RunTime:0.000002s ]
INFO: [ app_init ] --END-- [ RunTime:0.000019s ]
INFO: [ app_begin ] --START--
INFO: Run Behavior\ReadHtmlCacheBehavior [ RunTime:0.000230s ]
INFO: [ app_begin ] --END-- [ RunTime:0.000247s ]
INFO: [ app_end ] --START--
INFO: Run Behavior\ShowPageTraceBehavior [ RunTime:0.000269s ]
INFO: [ app_end ] --END-- [ RunTime:0.000291s ]

[ 2018-10-18T11:46:20+08:00 ] 127.0.0.1 /index.php/t/get_accessToken
INFO: [ app_init ] --START--
INFO: Run Behavior\BuildLiteBehavior [ RunTime:0.000004s ]
INFO: [ app_init ] --END-- [ RunTime:0.000020s ]
INFO: [ app_begin ] --START--
INFO: Run Behavior\ReadHtmlCacheBehavior [ RunTime:0.000233s ]
INFO: [ app_begin ] --END-- [ RunTime:0.000249s ]
INFO: [ app_end ] --START--
INFO: Run Behavior\ShowPageTraceBehavior [ RunTime:0.000307s ]
INFO: [ app_end ] --END-- [ RunTime:0.000330s ]

[ 2018-10-18T11:46:22+08:00 ] 127.0.0.1 /index.php/t/get_accessToken
INFO: [ app_init ] --START--
INFO: Run Behavior\BuildLiteBehavior [ RunTime:0.000003s ]
INFO: [ app_init ] --END-- [ RunTime:0.000019s ]
INFO: [ app_begin ] --START--
INFO: Run Behavior\ReadHtmlCacheBehavior [ RunTime:0.000228s ]
INFO: [ app_begin ] --END-- [ RunTime:0.000243s ]
INFO: [ app_end ] --START--
INFO: Run Behavior\ShowPageTraceBehavior [ RunTime:0.000339s ]
INFO: [ app_end ] --END-- [ RunTime:0.000366s ]

[ 2018-10-18T11:46:23+08:00 ] 127.0.0.1 /index.php/t/get_accessToken
INFO: [ app_init ] --START--
INFO: Run Behavior\BuildLiteBehavior [ RunTime:0.000003s ]
INFO: [ app_init ] --END-- [ RunTime:0.000020s ]
INFO: [ app_begin ] --START--
INFO: Run Behavior\ReadHtmlCacheBehavior [ RunTime:0.000235s ]
INFO: [ app_begin ] --END-- [ RunTime:0.000250s ]
INFO: [ app_end ] --START--
INFO: Run Behavior\ShowPageTraceBehavior [ RunTime:0.000320s ]
INFO: [ app_end ] --END-- [ RunTime:0.000347s ]

[ 2018-10-18T11:49:57+08:00 ] 127.0.0.1 /index.php/Wxmaterial/add_material
INFO: [ app_init ] --START--
INFO: Run Behavior\BuildLiteBehavior [ RunTime:0.000003s ]
INFO: [ app_init ] --END-- [ RunTime:0.000021s ]
INFO: [ app_begin ] --START--
INFO: Run Behavior\ReadHtmlCacheBehavior [ RunTime:0.000313s ]
INFO: [ app_begin ] --END-- [ RunTime:0.000334s ]
NOTIC: [8] Array to string conversion G:\zt.ltthk.top\Application\Admin\Controller\WxmaterialController.class.php 第 30 行.
NOTIC: [2] curl_errno() expects exactly 1 parameter, 0 given G:\zt.ltthk.top\Application\Admin\Controller\WxmaterialController.class.php 第 33 行.
NOTIC: [8] Undefined index: media_id G:\zt.ltthk.top\Application\Admin\Controller\WxmaterialController.class.php 第 36 行.
INFO: [ app_end ] --START--
INFO: Run Behavior\ShowPageTraceBehavior [ RunTime:0.000408s ]
INFO: [ app_end ] --END-- [ RunTime:0.000426s ]

[ 2018-10-18T11:50:00+08:00 ] 127.0.0.1 /index.php/Wxmaterial/add_material
INFO: [ app_init ] --START--
INFO: Run Behavior\BuildLiteBehavior [ RunTime:0.000014s ]
INFO: [ app_init ] --END-- [ RunTime:0.000048s ]
INFO: [ app_begin ] --START--
INFO: Run Behavior\ReadHtmlCacheBehavior [ RunTime:0.000241s ]
INFO: [ app_begin ] --END-- [ RunTime:0.000258s ]
NOTIC: [8] Array to string conversion G:\zt.ltthk.top\Application\Admin\Controller\WxmaterialController.class.php 第 30 行.
NOTIC: [2] curl_errno() expects exactly 1 parameter, 0 given G:\zt.ltthk.top\Application\Admin\Controller\WxmaterialController.class.php 第 33 行.
NOTIC: [8] Undefined index: media_id G:\zt.ltthk.top\Application\Admin\Controller\WxmaterialController.class.php 第 36 行.
INFO: [ app_end ] --START--
INFO: Run Behavior\ShowPageTraceBehavior [ RunTime:0.000419s ]
INFO: [ app_end ] --END-- [ RunTime:0.000440s ]

[ 2018-10-18T11:50:02+08:00 ] 127.0.0.1 /index.php/Wxmaterial/add_material
INFO: [ app_init ] --START--
INFO: Run Behavior\BuildLiteBehavior [ RunTime:0.000003s ]
INFO: [ app_init ] --END-- [ RunTime:0.000020s ]
INFO: [ app_begin ] --START--
INFO: Run Behavior\ReadHtmlCacheBehavior [ RunTime:0.000231s ]
INFO: [ app_begin ] --END-- [ RunTime:0.000247s ]
NOTIC: [8] Array to string conversion G:\zt.ltthk.top\Application\Admin\Controller\WxmaterialController.class.php 第 30 行.
NOTIC: [2] curl_errno() expects exactly 1 parameter, 0 given G:\zt.ltthk.top\Application\Admin\Controller\WxmaterialController.class.php 第 33 行.
NOTIC: [8] Undefined index: media_id G:\zt.ltthk.top\Application\Admin\Controller\WxmaterialController.class.php 第 36 行.
INFO: [ app_end ] --START--
INFO: Run Behavior\ShowPageTraceBehavior [ RunTime:0.001248s ]
INFO: [ app_end ] --END-- [ RunTime:0.001315s ]

[ 2018-10-18T11:50:10+08:00 ] 127.0.0.1 /index.php/Wxmaterial/add_material
INFO: [ app_init ] --START--
INFO: Run Behavior\BuildLiteBehavior [ RunTime:0.000005s ]
INFO: [ app_init ] --END-- [ RunTime:0.000023s ]
INFO: [ app_begin ] --START--
INFO: Run Behavior\ReadHtmlCacheBehavior [ RunTime:0.000320s ]
INFO: [ app_begin ] --END-- [ RunTime:0.000348s ]
NOTIC: [8] Array to string conversion G:\zt.ltthk.top\Application\Admin\Controller\WxmaterialController.class.php 第 31 行.
NOTIC: [2] curl_errno() expects exactly 1 parameter, 0 given G:\zt.ltthk.top\Application\Admin\Controller\WxmaterialController.class.php 第 34 行.
NOTIC: [8] Undefined index: media_id G:\zt.ltthk.top\Application\Admin\Controller\WxmaterialController.class.php 第 37 行.
INFO: [ app_end ] --START--
INFO: Run Behavior\ShowPageTraceBehavior [ RunTime:0.000514s ]
INFO: [ app_end ] --END-- [ RunTime:0.000543s ]

[ 2018-10-18T11:55:51+08:00 ] 127.0.0.1 /index.php/Wxmaterial/add_material
INFO: [ app_init ] --START--
INFO: Run Behavior\BuildLiteBehavior [ RunTime:0.000007s ]
INFO: [ app_init ] --END-- [ RunTime:0.004469s ]
INFO: [ app_begin ] --START--
INFO: Run Behavior\ReadHtmlCacheBehavior [ RunTime:0.000405s ]
INFO: [ app_begin ] --END-- [ RunTime:0.000439s ]
NOTIC: [8192] curl_setopt(): The usage of the @filename API for file uploading is deprecated. Please use the CURLFile class instead G:\zt.ltthk.top\Application\Admin\Controller\WxmaterialController.class.php 第 34 行.
NOTIC: [8] Array to string conversion G:\zt.ltthk.top\Application\Admin\Controller\WxmaterialController.class.php 第 34 行.
NOTIC: [2] curl_errno() expects exactly 1 parameter, 0 given G:\zt.ltthk.top\Application\Admin\Controller\WxmaterialController.class.php 第 37 行.
NOTIC: [8] Undefined index: media_id G:\zt.ltthk.top\Application\Admin\Controller\WxmaterialController.class.php 第 40 行.
INFO: [ app_end ] --START--
INFO: Run Behavior\ShowPageTraceBehavior [ RunTime:0.000488s ]
INFO: [ app_end ] --END-- [ RunTime:0.000523s ]

[ 2018-10-18T11:56:03+08:00 ] 127.0.0.1 /index.php/Wxmaterial/add_material
INFO: [ app_init ] --START--
INFO: Run Behavior\BuildLiteBehavior [ RunTime:0.000007s ]
INFO: [ app_init ] --END-- [ RunTime:0.000039s ]
INFO: [ app_begin ] --START--
INFO: Run Behavior\ReadHtmlCacheBehavior [ RunTime:0.000360s ]
INFO: [ app_begin ] --END-- [ RunTime:0.000393s ]
NOTIC: [8192] curl_setopt(): The usage of the @filename API for file uploading is deprecated. Please use the CURLFile class instead G:\zt.ltthk.top\Application\Admin\Controller\WxmaterialController.class.php 第 34 行.
NOTIC: [8] Array to string conversion G:\zt.ltthk.top\Application\Admin\Controller\WxmaterialController.class.php 第 34 行.
NOTIC: [2] curl_errno() expects exactly 1 parameter, 0 given G:\zt.ltthk.top\Application\Admin\Controller\WxmaterialController.class.php 第 37 行.
NOTIC: [8] Undefined index: media_id G:\zt.ltthk.top\Application\Admin\Controller\WxmaterialController.class.php 第 40 行.
INFO: [ app_end ] --START--
INFO: Run Behavior\ShowPageTraceBehavior [ RunTime:0.000458s ]
INFO: [ app_end ] --END-- [ RunTime:0.000491s ]

[ 2018-10-18T11:58:31+08:00 ] 127.0.0.1 /index.php/Wxmaterial/add_material
INFO: [ app_init ] --START--
INFO: Run Behavior\BuildLiteBehavior [ RunTime:0.000008s ]
INFO: [ app_init ] --END-- [ RunTime:0.000044s ]
INFO: [ app_begin ] --START--
INFO: Run Behavior\ReadHtmlCacheBehavior [ RunTime:0.000521s ]
INFO: [ app_begin ] --END-- [ RunTime:0.000584s ]
NOTIC: [8192] curl_setopt(): The usage of the @filename API for file uploading is deprecated. Please use the CURLFile class instead G:\zt.ltthk.top\Application\Admin\Controller\WxmaterialController.class.php 第 35 行.
NOTIC: [8] Array to string conversion G:\zt.ltthk.top\Application\Admin\Controller\WxmaterialController.class.php 第 35 行.
NOTIC: [2] curl_errno() expects exactly 1 parameter, 0 given G:\zt.ltthk.top\Application\Admin\Controller\WxmaterialController.class.php 第 38 行.
NOTIC: [8] Undefined index: media_id G:\zt.ltthk.top\Application\Admin\Controller\WxmaterialController.class.php 第 41 行.
INFO: [ app_end ] --START--
INFO: Run Behavior\ShowPageTraceBehavior [ RunTime:0.001801s ]
INFO: [ app_end ] --END-- [ RunTime:0.001944s ]

[ 2018-10-18T11:58:46+08:00 ] 127.0.0.1 /index.php/Wxmaterial/add_material
INFO: [ app_init ] --START--
INFO: Run Behavior\BuildLiteBehavior [ RunTime:0.000008s ]
INFO: [ app_init ] --END-- [ RunTime:0.000041s ]
INFO: [ app_begin ] --START--
INFO: Run Behavior\ReadHtmlCacheBehavior [ RunTime:0.000762s ]
INFO: [ app_begin ] --END-- [ RunTime:0.000852s ]
NOTIC: [8192] curl_setopt(): The usage of the @filename API for file uploading is deprecated. Please use the CURLFile class instead G:\zt.ltthk.top\Application\Admin\Controller\WxmaterialController.class.php 第 34 行.
NOTIC: [8] Array to string conversion G:\zt.ltthk.top\Application\Admin\Controller\WxmaterialController.class.php 第 34 行.
NOTIC: [2] curl_errno() expects exactly 1 parameter, 0 given G:\zt.ltthk.top\Application\Admin\Controller\WxmaterialController.class.php 第 37 行.
NOTIC: [8] Undefined index: media_id G:\zt.ltthk.top\Application\Admin\Controller\WxmaterialController.class.php 第 40 行.
INFO: [ app_end ] --START--
INFO: Run Behavior\ShowPageTraceBehavior [ RunTime:0.000488s ]
INFO: [ app_end ] --END-- [ RunTime:0.000522s ]

[ 2018-10-18T12:02:42+08:00 ] 127.0.0.1 /index.php/Wxmaterial/add_material
INFO: [ app_init ] --START--
INFO: Run Behavior\BuildLiteBehavior [ RunTime:0.000007s ]
INFO: [ app_init ] --END-- [ RunTime:0.000044s ]
INFO: [ app_begin ] --START--
INFO: Run Behavior\ReadHtmlCacheBehavior [ RunTime:0.000471s ]
INFO: [ app_begin ] --END-- [ RunTime:0.000509s ]
NOTIC: [8192] curl_setopt(): The usage of the @filename API for file uploading is deprecated. Please use the CURLFile class instead G:\zt.ltthk.top\Application\Admin\Controller\WxmaterialController.class.php 第 34 行.
NOTIC: [8] Array to string conversion G:\zt.ltthk.top\Application\Admin\Controller\WxmaterialController.class.php 第 34 行.
NOTIC: [2] curl_errno() expects exactly 1 parameter, 0 given G:\zt.ltthk.top\Application\Admin\Controller\WxmaterialController.class.php 第 37 行.
NOTIC: [8] Undefined index: media_id G:\zt.ltthk.top\Application\Admin\Controller\WxmaterialController.class.php 第 40 行.
INFO: [ app_end ] --START--
INFO: Run Behavior\ShowPageTraceBehavior [ RunTime:0.000577s ]
INFO: [ app_end ] --END-- [ RunTime:0.000617s ]

[ 2018-10-18T12:02:54+08:00 ] 127.0.0.1 /index.php/Wxmaterial/add_material
INFO: [ app_init ] --START--
INFO: Run Behavior\BuildLiteBehavior [ RunTime:0.000008s ]
INFO: [ app_init ] --END-- [ RunTime:0.000038s ]
INFO: [ app_begin ] --START--
INFO: Run Behavior\ReadHtmlCacheBehavior [ RunTime:0.000362s ]
INFO: [ app_begin ] --END-- [ RunTime:0.000396s ]
NOTIC: [8192] curl_setopt(): The usage of the @filename API for file uploading is deprecated. Please use the CURLFile class instead G:\zt.ltthk.top\Application\Admin\Controller\WxmaterialController.class.php 第 34 行.
NOTIC: [8] Array to string conversion G:\zt.ltthk.top\Application\Admin\Controller\WxmaterialController.class.php 第 34 行.
NOTIC: [2] curl_errno() expects exactly 1 parameter, 0 given G:\zt.ltthk.top\Application\Admin\Controller\WxmaterialController.class.php 第 37 行.
NOTIC: [8] Undefined index: media_id G:\zt.ltthk.top\Application\Admin\Controller\WxmaterialController.class.php 第 40 行.
INFO: [ app_end ] --START--
INFO: Run Behavior\ShowPageTraceBehavior [ RunTime:0.000592s ]
INFO: [ app_end ] --END-- [ RunTime:0.000636s ]

[ 2018-10-18T12:03:25+08:00 ] 127.0.0.1 /index.php/Wxmaterial/add_material
INFO: [ app_init ] --START--
INFO: Run Behavior\BuildLiteBehavior [ RunTime:0.000007s ]
INFO: [ app_init ] --END-- [ RunTime:0.000036s ]
INFO: [ app_begin ] --START--
INFO: Run Behavior\ReadHtmlCacheBehavior [ RunTime:0.000303s ]
INFO: [ app_begin ] --END-- [ RunTime:0.000336s ]
NOTIC: [8192] curl_setopt(): The usage of the @filename API for file uploading is deprecated. Please use the CURLFile class instead G:\zt.ltthk.top\Application\Admin\Controller\WxmaterialController.class.php 第 34 行.
NOTIC: [8] Array to string conversion G:\zt.ltthk.top\Application\Admin\Controller\WxmaterialController.class.php 第 34 行.
NOTIC: [2] curl_errno() expects exactly 1 parameter, 0 given G:\zt.ltthk.top\Application\Admin\Controller\WxmaterialController.class.php 第 37 行.
NOTIC: [8] Undefined index: media_id G:\zt.ltthk.top\Application\Admin\Controller\WxmaterialController.class.php 第 40 行.
INFO: [ app_end ] --START--
INFO: Run Behavior\ShowPageTraceBehavior [ RunTime:0.000367s ]
INFO: [ app_end ] --END-- [ RunTime:0.000400s ]

[ 2018-10-18T12:31:58+08:00 ] 127.0.0.1 /index.php/Wxmaterial/add_material
INFO: [ app_init ] --START--
INFO: Run Behavior\BuildLiteBehavior [ RunTime:0.000007s ]
INFO: [ app_init ] --END-- [ RunTime:0.000040s ]
INFO: [ app_begin ] --START--
INFO: Run Behavior\ReadHtmlCacheBehavior [ RunTime:0.000349s ]
INFO: [ app_begin ] --END-- [ RunTime:0.000381s ]
NOTIC: [8192] curl_setopt(): The usage of the @filename API for file uploading is deprecated. Please use the CURLFile class instead G:\zt.ltthk.top\Application\Admin\Controller\WxmaterialController.class.php 第 34 行.
NOTIC: [8] Array to string conversion G:\zt.ltthk.top\Application\Admin\Controller\WxmaterialController.class.php 第 34 行.
NOTIC: [2] curl_errno() expects exactly 1 parameter, 0 given G:\zt.ltthk.top\Application\Admin\Controller\WxmaterialController.class.php 第 37 行.
NOTIC: [8] Undefined index: media_id G:\zt.ltthk.top\Application\Admin\Controller\WxmaterialController.class.php 第 40 行.
INFO: [ app_end ] --START--
INFO: Run Behavior\ShowPageTraceBehavior [ RunTime:0.000535s ]
INFO: [ app_end ] --END-- [ RunTime:0.000574s ]

[ 2018-10-18T14:13:24+08:00 ] 127.0.0.1 /index.php/Wxmaterial/add_material
INFO: [ app_init ] --START--
INFO: Run Behavior\BuildLiteBehavior [ RunTime:0.000005s ]
INFO: [ app_init ] --END-- [ RunTime:0.000042s ]
INFO: [ app_begin ] --START--
INFO: Run Behavior\ReadHtmlCacheBehavior [ RunTime:0.000343s ]
INFO: [ app_begin ] --END-- [ RunTime:0.000363s ]
NOTIC: [8] Array to string conversion G:\zt.ltthk.top\Application\Admin\Controller\WxmaterialController.class.php 第 34 行.
NOTIC: [2] curl_errno() expects exactly 1 parameter, 0 given G:\zt.ltthk.top\Application\Admin\Controller\WxmaterialController.class.php 第 37 行.
NOTIC: [8] Undefined index: media_id G:\zt.ltthk.top\Application\Admin\Controller\WxmaterialController.class.php 第 40 行.
INFO: [ app_end ] --START--
INFO: Run Behavior\ShowPageTraceBehavior [ RunTime:0.000502s ]
INFO: [ app_end ] --END-- [ RunTime:0.000521s ]

[ 2018-10-18T14:15:05+08:00 ] 127.0.0.1 /index.php/Wxmaterial/add_material
INFO: [ app_init ] --START--
INFO: Run Behavior\BuildLiteBehavior [ RunTime:0.000004s ]
INFO: [ app_init ] --END-- [ RunTime:0.000021s ]
INFO: [ app_begin ] --START--
INFO: Run Behavior\ReadHtmlCacheBehavior [ RunTime:0.000265s ]
INFO: [ app_begin ] --END-- [ RunTime:0.000282s ]
NOTIC: [8] Array to string conversion G:\zt.ltthk.top\Application\Admin\Controller\WxmaterialController.class.php 第 29 行.
NOTIC: [2] curl_errno() expects exactly 1 parameter, 0 given G:\zt.ltthk.top\Application\Admin\Controller\WxmaterialController.class.php 第 39 行.
NOTIC: [8] Undefined index: media_id G:\zt.ltthk.top\Application\Admin\Controller\WxmaterialController.class.php 第 42 行.
INFO: [ app_end ] --START--
INFO: Run Behavior\ShowPageTraceBehavior [ RunTime:0.001313s ]
INFO: [ app_end ] --END-- [ RunTime:0.001381s ]

[ 2018-10-18T14:19:16+08:00 ] 127.0.0.1 /index.php/Wxmaterial/add_material
INFO: [ app_init ] --START--
INFO: Run Behavior\BuildLiteBehavior [ RunTime:0.000007s ]
INFO: [ app_init ] --END-- [ RunTime:0.000054s ]
INFO: [ app_begin ] --START--
INFO: Run Behavior\ReadHtmlCacheBehavior [ RunTime:0.000375s ]
INFO: [ app_begin ] --END-- [ RunTime:0.000409s ]
NOTIC: [8] Array to string conversion G:\zt.ltthk.top\Application\Admin\Controller\WxmaterialController.class.php 第 29 行.
NOTIC: [8192] curl_setopt(): The usage of the @filename API for file uploading is deprecated. Please use the CURLFile class instead G:\zt.ltthk.top\Application\Admin\Controller\WxmaterialController.class.php 第 36 行.
NOTIC: [8192] curl_setopt(): The usage of the @filename API for file uploading is deprecated. Please use the CURLFile class instead G:\zt.ltthk.top\Application\Admin\Controller\WxmaterialController.class.php 第 36 行.
NOTIC: [2] curl_errno() expects exactly 1 parameter, 0 given G:\zt.ltthk.top\Application\Admin\Controller\WxmaterialController.class.php 第 39 行.
INFO: [ app_end ] --START--
INFO: Run Behavior\ShowPageTraceBehavior [ RunTime:0.000415s ]
INFO: [ app_end ] --END-- [ RunTime:0.000450s ]

[ 2018-10-18T14:19:33+08:00 ] 127.0.0.1 /index.php/Wxmaterial/add_material
INFO: [ app_init ] --START--
INFO: Run Behavior\BuildLiteBehavior [ RunTime:0.000006s ]
INFO: [ app_init ] --END-- [ RunTime:0.000036s ]
INFO: [ app_begin ] --START--
INFO: Run Behavior\ReadHtmlCacheBehavior [ RunTime:0.000354s ]
INFO: [ app_begin ] --END-- [ RunTime:0.000385s ]
NOTIC: [8] Array to string conversion G:\zt.ltthk.top\Application\Admin\Controller\WxmaterialController.class.php 第 29 行.
NOTIC: [8192] curl_setopt(): The usage of the @filename API for file uploading is deprecated. Please use the CURLFile class instead G:\zt.ltthk.top\Application\Admin\Controller\WxmaterialController.class.php 第 36 行.
NOTIC: [8192] curl_setopt(): The usage of the @filename API for file uploading is deprecated. Please use the CURLFile class instead G:\zt.ltthk.top\Application\Admin\Controller\WxmaterialController.class.php 第 36 行.
NOTIC: [2] curl_errno() expects exactly 1 parameter, 0 given G:\zt.ltthk.top\Application\Admin\Controller\WxmaterialController.class.php 第 40 行.
INFO: [ app_end ] --START--
INFO: Run Behavior\ShowPageTraceBehavior [ RunTime:0.000512s ]
INFO: [ app_end ] --END-- [ RunTime:0.000553s ]

[ 2018-10-18T14:19:48+08:00 ] 127.0.0.1 /index.php/Wxmaterial/add_material
INFO: [ app_init ] --START--
INFO: Run Behavior\BuildLiteBehavior [ RunTime:0.000007s ]
INFO: [ app_init ] --END-- [ RunTime:0.000036s ]
INFO: [ app_begin ] --START--
INFO: Run Behavior\ReadHtmlCacheBehavior [ RunTime:0.000288s ]
INFO: [ app_begin ] --END-- [ RunTime:0.000323s ]
NOTIC: [8192] curl_setopt(): The usage of the @filename API for file uploading is deprecated. Please use the CURLFile class instead G:\zt.ltthk.top\Application\Admin\Controller\WxmaterialController.class.php 第 34 行.
NOTIC: [8] Array to string conversion G:\zt.ltthk.top\Application\Admin\Controller\WxmaterialController.class.php 第 34 行.
NOTIC: [2] curl_errno() expects exactly 1 parameter, 0 given G:\zt.ltthk.top\Application\Admin\Controller\WxmaterialController.class.php 第 37 行.
INFO: [ app_end ] --START--
INFO: Run Behavior\ShowPageTraceBehavior [ RunTime:0.000425s ]
INFO: [ app_end ] --END-- [ RunTime:0.000463s ]

[ 2018-10-18T14:21:31+08:00 ] 127.0.0.1 /index.php/Wxmaterial/add_material
INFO: [ app_init ] --START--
INFO: Run Behavior\BuildLiteBehavior [ RunTime:0.000007s ]
INFO: [ app_init ] --END-- [ RunTime:0.000036s ]
INFO: [ app_begin ] --START--
INFO: Run Behavior\ReadHtmlCacheBehavior [ RunTime:0.000266s ]
INFO: [ app_begin ] --END-- [ RunTime:0.000298s ]
NOTIC: [8192] curl_setopt(): The usage of the @filename API for file uploading is deprecated. Please use the CURLFile class instead G:\zt.ltthk.top\Application\Admin\Controller\WxmaterialController.class.php 第 34 行.
NOTIC: [8] Array to string conversion G:\zt.ltthk.top\Application\Admin\Controller\WxmaterialController.class.php 第 34 行.
NOTIC: [2] curl_errno() expects exactly 1 parameter, 0 given G:\zt.ltthk.top\Application\Admin\Controller\WxmaterialController.class.php 第 37 行.
INFO: [ app_end ] --START--
INFO: Run Behavior\ShowPageTraceBehavior [ RunTime:0.000409s ]
INFO: [ app_end ] --END-- [ RunTime:0.000445s ]

[ 2018-10-18T15:13:26+08:00 ] 127.0.0.1 /index.php/wx/socket
INFO: [ app_init ] --START--
INFO: Run Behavior\BuildLiteBehavior [ RunTime:0.000010s ]
INFO: [ app_init ] --END-- [ RunTime:0.000103s ]
INFO: [ app_begin ] --START--
INFO: Run Behavior\ReadHtmlCacheBehavior [ RunTime:0.001082s ]
INFO: [ app_begin ] --END-- [ RunTime:0.001124s ]
NOTIC: [8] Undefined index: timestamp G:\zt.ltthk.top\Application\Admin\Controller\WxController.class.php 第 34 行.
NOTIC: [8] Undefined index: nonce G:\zt.ltthk.top\Application\Admin\Controller\WxController.class.php 第 35 行.
NOTIC: [8] Undefined index: msg_signature G:\zt.ltthk.top\Application\Admin\Controller\WxController.class.php 第 36 行.
NOTIC: [8] Array to string conversion G:\zt.ltthk.top\Application\Common\Wx\WXBizMsgCrypt.class.php 第 36 行.
NOTIC: [2] DOMDocument::loadXML(): Empty string supplied as input G:\zt.ltthk.top\Application\Admin\Controller\WxController.class.php 第 46 行.
NOTIC: [8] Trying to get property of non-object G:\zt.ltthk.top\Application\Admin\Controller\WxController.class.php 第 48 行.
INFO: [ app_end ] --START--
INFO: Run Behavior\ShowPageTraceBehavior [ RunTime:0.002624s ]
INFO: [ app_end ] --END-- [ RunTime:0.002786s ]

[ 2018-10-18T15:23:01+08:00 ] 127.0.0.1 /index.php/demo/demo
INFO: [ app_init ] --START--
INFO: Run Behavior\BuildLiteBehavior [ RunTime:0.000007s ]
INFO: [ app_init ] --END-- [ RunTime:0.000043s ]
INFO: [ app_begin ] --START--
INFO: Run Behavior\ReadHtmlCacheBehavior [ RunTime:0.000403s ]
INFO: [ app_begin ] --END-- [ RunTime:0.000439s ]
NOTIC: [8] Uninitialized string offset: 0 G:\zt.ltthk.top\Application\Admin\Common\function.php 第 24 行.
NOTIC: [2] strpos(): Empty needle G:\zt.ltthk.top\Application\Admin\Common\function.php 第 25 行.
NOTIC: [8] Uninitialized string offset: 0 G:\zt.ltthk.top\Application\Admin\Common\function.php 第 24 行.
NOTIC: [2] strpos(): Empty needle G:\zt.ltthk.top\Application\Admin\Common\function.php 第 25 行.
NOTIC: [8] Uninitialized string offset: 0 G:\zt.ltthk.top\Application\Admin\Common\function.php 第 24 行.
NOTIC: [2] strpos(): Empty needle G:\zt.ltthk.top\Application\Admin\Common\function.php 第 25 行.
NOTIC: [8] Uninitialized string offset: 0 G:\zt.ltthk.top\Application\Admin\Common\function.php 第 24 行.
NOTIC: [2] strpos(): Empty needle G:\zt.ltthk.top\Application\Admin\Common\function.php 第 25 行.
ERR: SQLSTATE[HY000] [1045] Access denied for user 'root'@'localhost' (using password: YES)

[ 2018-10-18T15:23:23+08:00 ] 127.0.0.1 /index.php/demo/demo
INFO: [ app_init ] --START--
INFO: Run Behavior\BuildLiteBehavior [ RunTime:0.000008s ]
INFO: [ app_init ] --END-- [ RunTime:0.000039s ]
INFO: [ app_begin ] --START--
INFO: Run Behavior\ReadHtmlCacheBehavior [ RunTime:0.000384s ]
INFO: [ app_begin ] --END-- [ RunTime:0.000418s ]
NOTIC: [8] Uninitialized string offset: 0 G:\zt.ltthk.top\Application\Admin\Common\function.php 第 24 行.
NOTIC: [2] strpos(): Empty needle G:\zt.ltthk.top\Application\Admin\Common\function.php 第 25 行.
NOTIC: [8] Uninitialized string offset: 0 G:\zt.ltthk.top\Application\Admin\Common\function.php 第 24 行.
NOTIC: [2] strpos(): Empty needle G:\zt.ltthk.top\Application\Admin\Common\function.php 第 25 行.
NOTIC: [8] Uninitialized string offset: 0 G:\zt.ltthk.top\Application\Admin\Common\function.php 第 24 行.
NOTIC: [2] strpos(): Empty needle G:\zt.ltthk.top\Application\Admin\Common\function.php 第 25 行.
NOTIC: [8] Uninitialized string offset: 0 G:\zt.ltthk.top\Application\Admin\Common\function.php 第 24 行.
NOTIC: [2] strpos(): Empty needle G:\zt.ltthk.top\Application\Admin\Common\function.php 第 25 行.
SQL: SHOW COLUMNS FROM `mc_account` [ RunTime:0.0308s ]
SQL: SELECT * FROM `mc_account` WHERE `id` = 0 LIMIT 1   [ RunTime:0.0297s ]

[ 2018-10-18T15:23:23+08:00 ] 127.0.0.1 /index.php/index/index.html
INFO: [ app_init ] --START--
INFO: Run Behavior\BuildLiteBehavior [ RunTime:0.000006s ]
INFO: [ app_init ] --END-- [ RunTime:0.000036s ]
INFO: [ app_begin ] --START--
INFO: Run Behavior\ReadHtmlCacheBehavior [ RunTime:0.000276s ]
INFO: [ app_begin ] --END-- [ RunTime:0.000307s ]
INFO: [ view_parse ] --START--
INFO: [ template_filter ] --START--
INFO: Run Behavior\ContentReplaceBehavior [ RunTime:0.001413s ]
INFO: [ template_filter ] --END-- [ RunTime:0.001562s ]
INFO: Run Behavior\ParseTemplateBehavior [ RunTime:0.043228s ]
INFO: [ view_parse ] --END-- [ RunTime:0.043267s ]
INFO: [ view_filter ] --START--
INFO: Run Behavior\WriteHtmlCacheBehavior [ RunTime:0.009514s ]
INFO: [ view_filter ] --END-- [ RunTime:0.009545s ]
INFO: [ app_end ] --START--
INFO: Run Behavior\ShowPageTraceBehavior [ RunTime:0.000436s ]
INFO: [ app_end ] --END-- [ RunTime:0.000463s ]

[ 2018-10-18T15:23:39+08:00 ] 127.0.0.1 /index.php/index/index.html
INFO: [ app_init ] --START--
INFO: Run Behavior\BuildLiteBehavior [ RunTime:0.000007s ]
INFO: [ app_init ] --END-- [ RunTime:0.000037s ]
INFO: [ app_begin ] --START--
INFO: Run Behavior\ReadHtmlCacheBehavior [ RunTime:0.000366s ]
INFO: [ app_begin ] --END-- [ RunTime:0.000397s ]
INFO: [ view_parse ] --START--
INFO: [ template_filter ] --START--
INFO: Run Behavior\ContentReplaceBehavior [ RunTime:0.000038s ]
INFO: [ template_filter ] --END-- [ RunTime:0.000068s ]
INFO: Run Behavior\ParseTemplateBehavior [ RunTime:0.005234s ]
INFO: [ view_parse ] --END-- [ RunTime:0.005266s ]
INFO: [ view_filter ] --START--
INFO: Run Behavior\WriteHtmlCacheBehavior [ RunTime:0.000295s ]
INFO: [ view_filter ] --END-- [ RunTime:0.000323s ]
INFO: [ app_end ] --START--
INFO: Run Behavior\ShowPageTraceBehavior [ RunTime:0.000482s ]
INFO: [ app_end ] --END-- [ RunTime:0.000520s ]

[ 2018-10-18T15:23:43+08:00 ] 127.0.0.1 /index.php/demo/demo
INFO: [ app_init ] --START--
INFO: Run Behavior\BuildLiteBehavior [ RunTime:0.000008s ]
INFO: [ app_init ] --END-- [ RunTime:0.000041s ]
INFO: [ app_begin ] --START--
INFO: Run Behavior\ReadHtmlCacheBehavior [ RunTime:0.000291s ]
INFO: [ app_begin ] --END-- [ RunTime:0.000325s ]
SQL: SELECT ticket FROM mc_ticket ORDER BY id DESC limit 1 [ RunTime:0.0295s ]
INFO: [ app_end ] --START--
INFO: Run Behavior\ShowPageTraceBehavior [ RunTime:0.000400s ]
INFO: [ app_end ] --END-- [ RunTime:0.000429s ]

[ 2018-10-18T15:23:54+08:00 ] 127.0.0.1 /index.php/demo/demo
INFO: [ app_init ] --START--
INFO: Run Behavior\BuildLiteBehavior [ RunTime:0.000007s ]
INFO: [ app_init ] --END-- [ RunTime:0.000037s ]
INFO: [ app_begin ] --START--
INFO: Run Behavior\ReadHtmlCacheBehavior [ RunTime:0.000313s ]
INFO: [ app_begin ] --END-- [ RunTime:0.000345s ]
SQL: SELECT ticket FROM mc_ticket ORDER BY id DESC limit 1 [ RunTime:0.0302s ]
INFO: [ app_end ] --START--
INFO: Run Behavior\ShowPageTraceBehavior [ RunTime:0.000460s ]
INFO: [ app_end ] --END-- [ RunTime:0.000500s ]

[ 2018-10-18T15:30:50+08:00 ] 127.0.0.1 /index.php/Authorize/getAccessToken
INFO: [ app_init ] --START--
INFO: Run Behavior\BuildLiteBehavior [ RunTime:0.000008s ]
INFO: [ app_init ] --END-- [ RunTime:0.000043s ]
INFO: [ app_begin ] --START--
INFO: Run Behavior\ReadHtmlCacheBehavior [ RunTime:0.000366s ]
INFO: [ app_begin ] --END-- [ RunTime:0.000399s ]
SQL: SELECT ticket FROM mc_ticket ORDER BY id DESC limit 1 [ RunTime:0.0298s ]
INFO: [ app_end ] --START--
INFO: Run Behavior\ShowPageTraceBehavior [ RunTime:0.000504s ]
INFO: [ app_end ] --END-- [ RunTime:0.000556s ]

[ 2018-10-18T15:31:51+08:00 ] 127.0.0.1 /index.php/Authorize/getAccessToken
INFO: [ app_init ] --START--
INFO: Run Behavior\BuildLiteBehavior [ RunTime:0.000006s ]
INFO: [ app_init ] --END-- [ RunTime:0.000037s ]
INFO: [ app_begin ] --START--
INFO: Run Behavior\ReadHtmlCacheBehavior [ RunTime:0.015498s ]
INFO: [ app_begin ] --END-- [ RunTime:0.015586s ]
SQL: SELECT ticket FROM mc_ticket ORDER BY id DESC limit 1 [ RunTime:0.0300s ]
INFO: [ app_end ] --START--
INFO: Run Behavior\ShowPageTraceBehavior [ RunTime:0.000458s ]
INFO: [ app_end ] --END-- [ RunTime:0.000499s ]

[ 2018-10-18T15:35:15+08:00 ] 127.0.0.1 /index.php/Authorize/getAccessToken
INFO: [ app_init ] --START--
INFO: Run Behavior\BuildLiteBehavior [ RunTime:0.000006s ]
INFO: [ app_init ] --END-- [ RunTime:0.000039s ]
INFO: [ app_begin ] --START--
INFO: Run Behavior\ReadHtmlCacheBehavior [ RunTime:0.000348s ]
INFO: [ app_begin ] --END-- [ RunTime:0.000380s ]
SQL: SELECT ticket FROM mc_ticket ORDER BY id DESC limit 1 [ RunTime:0.0305s ]
INFO: [ app_end ] --START--
INFO: Run Behavior\ShowPageTraceBehavior [ RunTime:0.000522s ]
INFO: [ app_end ] --END-- [ RunTime:0.000566s ]

[ 2018-10-18T15:39:27+08:00 ] 127.0.0.1 /index.php/Authorize/getPreAuthCode
INFO: [ app_init ] --START--
INFO: Run Behavior\BuildLiteBehavior [ RunTime:0.000006s ]
INFO: [ app_init ] --END-- [ RunTime:0.000040s ]
INFO: [ app_begin ] --START--
INFO: Run Behavior\ReadHtmlCacheBehavior [ RunTime:0.000662s ]
INFO: [ app_begin ] --END-- [ RunTime:0.000764s ]
SQL: SELECT ticket FROM mc_ticket ORDER BY id DESC limit 1 [ RunTime:0.0297s ]

[ 2018-10-18T15:39:38+08:00 ] 127.0.0.1 /index.php/Authorize/getPreAuthCode
INFO: [ app_init ] --START--
INFO: Run Behavior\BuildLiteBehavior [ RunTime:0.000007s ]
INFO: [ app_init ] --END-- [ RunTime:0.000037s ]
INFO: [ app_begin ] --START--
INFO: Run Behavior\ReadHtmlCacheBehavior [ RunTime:0.000351s ]
INFO: [ app_begin ] --END-- [ RunTime:0.000383s ]
SQL: SELECT ticket FROM mc_ticket ORDER BY id DESC limit 1 [ RunTime:0.0285s ]
INFO: [ app_end ] --START--
INFO: Run Behavior\ShowPageTraceBehavior [ RunTime:0.000582s ]
INFO: [ app_end ] --END-- [ RunTime:0.000628s ]

[ 2018-10-18T15:42:49+08:00 ] 127.0.0.1 /index.php/Authorize/souquan
INFO: [ app_init ] --START--
INFO: Run Behavior\BuildLiteBehavior [ RunTime:0.000007s ]
INFO: [ app_init ] --END-- [ RunTime:0.000040s ]
INFO: [ app_begin ] --START--
INFO: Run Behavior\ReadHtmlCacheBehavior [ RunTime:0.000359s ]
INFO: [ app_begin ] --END-- [ RunTime:0.000407s ]
NOTIC: [8] Uninitialized string offset: 0 G:\zt.ltthk.top\Application\Admin\Common\function.php 第 24 行.
NOTIC: [2] strpos(): Empty needle G:\zt.ltthk.top\Application\Admin\Common\function.php 第 25 行.
NOTIC: [8] Uninitialized string offset: 0 G:\zt.ltthk.top\Application\Admin\Common\function.php 第 24 行.
NOTIC: [2] strpos(): Empty needle G:\zt.ltthk.top\Application\Admin\Common\function.php 第 25 行.
NOTIC: [8] Uninitialized string offset: 0 G:\zt.ltthk.top\Application\Admin\Common\function.php 第 24 行.
NOTIC: [2] strpos(): Empty needle G:\zt.ltthk.top\Application\Admin\Common\function.php 第 25 行.
NOTIC: [8] Uninitialized string offset: 0 G:\zt.ltthk.top\Application\Admin\Common\function.php 第 24 行.
NOTIC: [2] strpos(): Empty needle G:\zt.ltthk.top\Application\Admin\Common\function.php 第 25 行.
SQL: SHOW COLUMNS FROM `mc_account` [ RunTime:0.0298s ]
SQL: SELECT * FROM `mc_account` WHERE `id` = 0 LIMIT 1   [ RunTime:0.0291s ]

[ 2018-10-18T15:42:49+08:00 ] 127.0.0.1 /index.php/index/index.html
INFO: [ app_init ] --START--
INFO: Run Behavior\BuildLiteBehavior [ RunTime:0.000009s ]
INFO: [ app_init ] --END-- [ RunTime:0.000042s ]
INFO: [ app_begin ] --START--
INFO: Run Behavior\ReadHtmlCacheBehavior [ RunTime:0.000273s ]
INFO: [ app_begin ] --END-- [ RunTime:0.000305s ]
INFO: [ view_parse ] --START--
INFO: [ template_filter ] --START--
INFO: Run Behavior\ContentReplaceBehavior [ RunTime:0.000036s ]
INFO: [ template_filter ] --END-- [ RunTime:0.000064s ]
INFO: Run Behavior\ParseTemplateBehavior [ RunTime:0.004328s ]
INFO: [ view_parse ] --END-- [ RunTime:0.004358s ]
INFO: [ view_filter ] --START--
INFO: Run Behavior\WriteHtmlCacheBehavior [ RunTime:0.000223s ]
INFO: [ view_filter ] --END-- [ RunTime:0.000247s ]
INFO: [ app_end ] --START--
INFO: Run Behavior\ShowPageTraceBehavior [ RunTime:0.000343s ]
INFO: [ app_end ] --END-- [ RunTime:0.000370s ]

[ 2018-10-18T15:42:54+08:00 ] 127.0.0.1 /index.php/index/login.html
INFO: [ app_init ] --START--
INFO: Run Behavior\BuildLiteBehavior [ RunTime:0.000006s ]
INFO: [ app_init ] --END-- [ RunTime:0.000035s ]
INFO: [ app_begin ] --START--
INFO: Run Behavior\ReadHtmlCacheBehavior [ RunTime:0.000257s ]
INFO: [ app_begin ] --END-- [ RunTime:0.000287s ]
SQL: SHOW COLUMNS FROM `mc_account` [ RunTime:0.0301s ]
SQL: SELECT * FROM `mc_account` WHERE `account` = 'root' LIMIT 1   [ RunTime:0.0300s ]
NOTIC: [8] Use of undefined constant HTTP_X_FORWARDED_FOR - assumed 'HTTP_X_FORWARDED_FOR' G:\zt.ltthk.top\Application\Admin\Common\function.php 第 107 行.
NOTIC: [8] Use of undefined constant HTTP_CLIENT_IP - assumed 'HTTP_CLIENT_IP' G:\zt.ltthk.top\Application\Admin\Common\function.php 第 109 行.
NOTIC: [8] Use of undefined constant REMOTE_ADDR - assumed 'REMOTE_ADDR' G:\zt.ltthk.top\Application\Admin\Common\function.php 第 112 行.
SQL: UPDATE `mc_account` SET `login_time`='2018-10-18 15:42:54',`logincount`='23',`loginip`='127.0.0.1' WHERE `account` = 'root' [ RunTime:0.0314s ]

[ 2018-10-18T15:42:54+08:00 ] 127.0.0.1 /index.php/admin/admin.html
INFO: [ app_init ] --START--
INFO: Run Behavior\BuildLiteBehavior [ RunTime:0.000007s ]
INFO: [ app_init ] --END-- [ RunTime:0.000036s ]
INFO: [ app_begin ] --START--
INFO: Run Behavior\ReadHtmlCacheBehavior [ RunTime:0.000265s ]
INFO: [ app_begin ] --END-- [ RunTime:0.000296s ]
SQL: SHOW COLUMNS FROM `mc_account` [ RunTime:0.0297s ]
SQL: SELECT * FROM `mc_account` WHERE `id` = 1 LIMIT 1   [ RunTime:0.0293s ]
NOTIC: [8] Use of undefined constant ROOT_LEVEL - assumed 'ROOT_LEVEL' G:\zt.ltthk.top\Application\Admin\Controller\AdminController.class.php 第 35 行.
NOTIC: [2048] Declaration of Admin\Builder\AdminListBuilder::display() should be compatible with Admin\Builder\AdminBuilder::display($templateFile = '', $charset = '', $contentType = '', $content = '', $prefix = '') G:\zt.ltthk.top\Application\Admin\Builder\AdminListBuilder.class.php 第 4 行.
NOTIC: [8] Use of undefined constant ROOT_LEVEL - assumed 'ROOT_LEVEL' G:\zt.ltthk.top\Application\Admin\Builder\AdminListBuilder.class.php 第 17 行.
NOTIC: [8] Undefined variable: that G:\zt.ltthk.top\Application\Admin\Builder\AdminListBuilder.class.php 第 364 行.
NOTIC: [8] Undefined index: totalCount G:\zt.ltthk.top\Application\Admin\Builder\AdminListBuilder.class.php 第 420 行.
NOTIC: [8] Undefined index: listRows G:\zt.ltthk.top\Application\Admin\Builder\AdminListBuilder.class.php 第 420 行.
NOTIC: [8] Use of undefined constant ROOT_LEVEL - assumed 'ROOT_LEVEL' G:\zt.ltthk.top\Application\Admin\Builder\AdminBuilder.class.php 第 35 行.
INFO: [ view_parse ] --START--
INFO: [ template_filter ] --START--
INFO: Run Behavior\ContentReplaceBehavior [ RunTime:0.000072s ]
INFO: [ template_filter ] --END-- [ RunTime:0.000109s ]
NOTIC: [8] Use of undefined constant ROOT_LEVEL - assumed 'ROOT_LEVEL' G:\zt.ltthk.top\Runtime\Cache\Admin\b72816a7e75b2d70f833d506393f0d55.php 第 21 行.
NOTIC: [8] Undefined index: pid G:\zt.ltthk.top\Runtime\Cache\Admin\b72816a7e75b2d70f833d506393f0d55.php 第 91 行.
NOTIC: [8] Undefined index: cid G:\zt.ltthk.top\Runtime\Cache\Admin\b72816a7e75b2d70f833d506393f0d55.php 第 91 行.
INFO: Run Behavior\ParseTemplateBehavior [ RunTime:0.020126s ]
INFO: [ view_parse ] --END-- [ RunTime:0.020166s ]
INFO: [ view_filter ] --START--
INFO: Run Behavior\WriteHtmlCacheBehavior [ RunTime:0.000156s ]
INFO: [ view_filter ] --END-- [ RunTime:0.000177s ]
INFO: [ app_end ] --START--
INFO: Run Behavior\ShowPageTraceBehavior [ RunTime:0.000292s ]
INFO: [ app_end ] --END-- [ RunTime:0.000316s ]

[ 2018-10-18T15:43:10+08:00 ] 127.0.0.1 /index.php/Authorize/souquan
INFO: [ app_init ] --START--
INFO: Run Behavior\BuildLiteBehavior [ RunTime:0.000023s ]
INFO: [ app_init ] --END-- [ RunTime:0.000058s ]
INFO: [ app_begin ] --START--
INFO: Run Behavior\ReadHtmlCacheBehavior [ RunTime:0.000350s ]
INFO: [ app_begin ] --END-- [ RunTime:0.000382s ]
SQL: SHOW COLUMNS FROM `mc_account` [ RunTime:0.0289s ]
SQL: SELECT * FROM `mc_account` WHERE `id` = 1 LIMIT 1   [ RunTime:0.0281s ]
NOTIC: [8] Use of undefined constant ROOT_LEVEL - assumed 'ROOT_LEVEL' G:\zt.ltthk.top\Application\Admin\Controller\AdminController.class.php 第 35 行.
INFO: [ app_end ] --START--
INFO: Run Behavior\ShowPageTraceBehavior [ RunTime:0.001777s ]
INFO: [ app_end ] --END-- [ RunTime:0.001909s ]

[ 2018-10-18T15:46:15+08:00 ] 127.0.0.1 /index.php/Authorize/souquan
INFO: [ app_init ] --START--
INFO: Run Behavior\BuildLiteBehavior [ RunTime:0.000008s ]
INFO: [ app_init ] --END-- [ RunTime:0.000040s ]
INFO: [ app_begin ] --START--
INFO: Run Behavior\ReadHtmlCacheBehavior [ RunTime:0.000473s ]
INFO: [ app_begin ] --END-- [ RunTime:0.000509s ]
SQL: SHOW COLUMNS FROM `mc_account` [ RunTime:0.0307s ]
SQL: SELECT * FROM `mc_account` WHERE `id` = 1 LIMIT 1   [ RunTime:0.0308s ]
NOTIC: [8] Use of undefined constant ROOT_LEVEL - assumed 'ROOT_LEVEL' G:\zt.ltthk.top\Application\Admin\Controller\AdminController.class.php 第 35 行.
ERR: 非法操作:souquan

[ 2018-10-18T15:46:18+08:00 ] 127.0.0.1 /index.php/Authorize/index
INFO: [ app_init ] --START--
INFO: Run Behavior\BuildLiteBehavior [ RunTime:0.000008s ]
INFO: [ app_init ] --END-- [ RunTime:0.000039s ]
INFO: [ app_begin ] --START--
INFO: Run Behavior\ReadHtmlCacheBehavior [ RunTime:0.000270s ]
INFO: [ app_begin ] --END-- [ RunTime:0.000301s ]
SQL: SHOW COLUMNS FROM `mc_account` [ RunTime:0.0304s ]
SQL: SELECT * FROM `mc_account` WHERE `id` = 1 LIMIT 1   [ RunTime:0.0304s ]
NOTIC: [8] Use of undefined constant ROOT_LEVEL - assumed 'ROOT_LEVEL' G:\zt.ltthk.top\Application\Admin\Controller\AdminController.class.php 第 35 行.
INFO: [ view_parse ] --START--
INFO: [ template_filter ] --START--
INFO: Run Behavior\ContentReplaceBehavior [ RunTime:0.000028s ]
INFO: [ template_filter ] --END-- [ RunTime:0.000060s ]
INFO: Run Behavior\ParseTemplateBehavior [ RunTime:0.005972s ]
INFO: [ view_parse ] --END-- [ RunTime:0.006019s ]
INFO: [ view_filter ] --START--
INFO: Run Behavior\WriteHtmlCacheBehavior [ RunTime:0.000247s ]
INFO: [ view_filter ] --END-- [ RunTime:0.000273s ]
INFO: [ app_end ] --START--
INFO: Run Behavior\ShowPageTraceBehavior [ RunTime:0.000396s ]
INFO: [ app_end ] --END-- [ RunTime:0.000424s ]

[ 2018-10-18T15:48:20+08:00 ] 127.0.0.1 /index.php/Authorize/index
INFO: [ app_init ] --START--
INFO: Run Behavior\BuildLiteBehavior [ RunTime:0.000007s ]
INFO: [ app_init ] --END-- [ RunTime:0.000038s ]
INFO: [ app_begin ] --START--
INFO: Run Behavior\ReadHtmlCacheBehavior [ RunTime:0.000347s ]
INFO: [ app_begin ] --END-- [ RunTime:0.000377s ]
SQL: SHOW COLUMNS FROM `mc_account` [ RunTime:0.0301s ]
SQL: SELECT * FROM `mc_account` WHERE `id` = 1 LIMIT 1   [ RunTime:0.0305s ]
NOTIC: [8] Use of undefined constant ROOT_LEVEL - assumed 'ROOT_LEVEL' G:\zt.ltthk.top\Application\Admin\Controller\AdminController.class.php 第 35 行.
INFO: [ view_parse ] --START--
INFO: [ template_filter ] --START--
INFO: Run Behavior\ContentReplaceBehavior [ RunTime:0.000025s ]
INFO: [ template_filter ] --END-- [ RunTime:0.000056s ]
INFO: Run Behavior\ParseTemplateBehavior [ RunTime:0.007104s ]
INFO: [ view_parse ] --END-- [ RunTime:0.007181s ]
INFO: [ view_filter ] --START--
INFO: Run Behavior\WriteHtmlCacheBehavior [ RunTime:0.000235s ]
INFO: [ view_filter ] --END-- [ RunTime:0.000259s ]
INFO: [ app_end ] --START--
INFO: Run Behavior\ShowPageTraceBehavior [ RunTime:0.000347s ]
INFO: [ app_end ] --END-- [ RunTime:0.000374s ]

[ 2018-10-18T15:48:28+08:00 ] 127.0.0.1 /index.php/Authorize/index
INFO: [ app_init ] --START--
INFO: Run Behavior\BuildLiteBehavior [ RunTime:0.000008s ]
INFO: [ app_init ] --END-- [ RunTime:0.000039s ]
INFO: [ app_begin ] --START--
INFO: Run Behavior\ReadHtmlCacheBehavior [ RunTime:0.000364s ]
INFO: [ app_begin ] --END-- [ RunTime:0.000398s ]
SQL: SHOW COLUMNS FROM `mc_account` [ RunTime:0.0310s ]
SQL: SELECT * FROM `mc_account` WHERE `id` = 1 LIMIT 1   [ RunTime:0.0307s ]
NOTIC: [8] Use of undefined constant ROOT_LEVEL - assumed 'ROOT_LEVEL' G:\zt.ltthk.top\Application\Admin\Controller\AdminController.class.php 第 35 行.
INFO: [ view_parse ] --START--
INFO: [ template_filter ] --START--
INFO: Run Behavior\ContentReplaceBehavior [ RunTime:0.000030s ]
INFO: [ template_filter ] --END-- [ RunTime:0.000068s ]
INFO: Run Behavior\ParseTemplateBehavior [ RunTime:0.004943s ]
INFO: [ view_parse ] --END-- [ RunTime:0.004980s ]
INFO: [ view_filter ] --START--
INFO: Run Behavior\WriteHtmlCacheBehavior [ RunTime:0.000219s ]
INFO: [ view_filter ] --END-- [ RunTime:0.000242s ]
INFO: [ app_end ] --START--
INFO: Run Behavior\ShowPageTraceBehavior [ RunTime:0.000336s ]
INFO: [ app_end ] --END-- [ RunTime:0.000361s ]

[ 2018-10-18T15:49:02+08:00 ] 127.0.0.1 /index.php/Authorize/index
INFO: [ app_init ] --START--
INFO: Run Behavior\BuildLiteBehavior [ RunTime:0.000012s ]
INFO: [ app_init ] --END-- [ RunTime:0.000059s ]
INFO: [ app_begin ] --START--
INFO: Run Behavior\ReadHtmlCacheBehavior [ RunTime:0.000263s ]
INFO: [ app_begin ] --END-- [ RunTime:0.000295s ]
SQL: SHOW COLUMNS FROM `mc_account` [ RunTime:0.0306s ]
SQL: SELECT * FROM `mc_account` WHERE `id` = 1 LIMIT 1   [ RunTime:0.0305s ]
NOTIC: [8] Use of undefined constant ROOT_LEVEL - assumed 'ROOT_LEVEL' G:\zt.ltthk.top\Application\Admin\Controller\AdminController.class.php 第 35 行.
INFO: [ view_parse ] --START--
INFO: [ template_filter ] --START--
INFO: Run Behavior\ContentReplaceBehavior [ RunTime:0.000025s ]
INFO: [ template_filter ] --END-- [ RunTime:0.000056s ]
INFO: Run Behavior\ParseTemplateBehavior [ RunTime:0.003985s ]
INFO: [ view_parse ] --END-- [ RunTime:0.004025s ]
INFO: [ view_filter ] --START--
INFO: Run Behavior\WriteHtmlCacheBehavior [ RunTime:0.000213s ]
INFO: [ view_filter ] --END-- [ RunTime:0.000238s ]
INFO: [ app_end ] --START--
INFO: Run Behavior\ShowPageTraceBehavior [ RunTime:0.000321s ]
INFO: [ app_end ] --END-- [ RunTime:0.000345s ]

