[ 2018-10-19T10:05:01+08:00 ] 127.0.0.1 /favicon.ico
INFO: [ app_init ] --START--
INFO: Run Behavior\BuildLiteBehavior [ RunTime:0.000008s ]
INFO: [ app_init ] --END-- [ RunTime:0.000533s ]

[ 2018-10-19T11:38:17+08:00 ] 127.0.0.1 /index.php/Authorize/refreshAccessToken
INFO: [ app_init ] --START--
INFO: Run Behavior\BuildLiteBehavior [ RunTime:0.000005s ]
INFO: [ app_init ] --END-- [ RunTime:0.000051s ]
INFO: [ app_begin ] --START--
INFO: Run Behavior\ReadHtmlCacheBehavior [ RunTime:0.022205s ]
INFO: [ app_begin ] --END-- [ RunTime:0.022229s ]
NOTIC: [8] Uninitialized string offset: 0 G:\zt.ltthk.top\Application\Admin\Common\function.php 第 24 行.
NOTIC: [2] strpos(): Empty needle G:\zt.ltthk.top\Application\Admin\Common\function.php 第 25 行.
SQL: SHOW COLUMNS FROM `mc_account` [ RunTime:0.0296s ]
SQL: SELECT * FROM `mc_account` WHERE `id` = 1 LIMIT 1   [ RunTime:0.0294s ]
NOTIC: [8] Uninitialized string offset: 0 G:\zt.ltthk.top\Application\Admin\Common\function.php 第 24 行.
NOTIC: [2] strpos(): Empty needle G:\zt.ltthk.top\Application\Admin\Common\function.php 第 25 行.
NOTIC: [8] Use of undefined constant ROOT_LEVEL - assumed 'ROOT_LEVEL' G:\zt.ltthk.top\Application\Admin\Controller\AdminController.class.php 第 35 行.
NOTIC: [8] Undefined variable: power G:\zt.ltthk.top\Application\Admin\Controller\AdminController.class.php 第 36 行.
INFO: [ view_parse ] --START--
INFO: [ template_filter ] --START--
INFO: Run Behavior\ContentReplaceBehavior [ RunTime:0.000808s ]
INFO: [ template_filter ] --END-- [ RunTime:0.000835s ]
INFO: Run Behavior\ParseTemplateBehavior [ RunTime:0.031281s ]
INFO: [ view_parse ] --END-- [ RunTime:0.031305s ]
INFO: [ view_filter ] --START--
INFO: Run Behavior\WriteHtmlCacheBehavior [ RunTime:0.000608s ]
INFO: [ view_filter ] --END-- [ RunTime:0.000623s ]

[ 2018-10-19T11:38:31+08:00 ] 127.0.0.1 /index.php
INFO: [ app_init ] --START--
INFO: Run Behavior\BuildLiteBehavior [ RunTime:0.000004s ]
INFO: [ app_init ] --END-- [ RunTime:0.000021s ]
INFO: [ app_begin ] --START--
INFO: Run Behavior\ReadHtmlCacheBehavior [ RunTime:0.000304s ]
INFO: [ app_begin ] --END-- [ RunTime:0.000335s ]
INFO: [ view_parse ] --START--
INFO: [ template_filter ] --START--
INFO: Run Behavior\ContentReplaceBehavior [ RunTime:0.000023s ]
INFO: [ template_filter ] --END-- [ RunTime:0.000039s ]
INFO: Run Behavior\ParseTemplateBehavior [ RunTime:0.011799s ]
INFO: [ view_parse ] --END-- [ RunTime:0.011819s ]
INFO: [ view_filter ] --START--
INFO: Run Behavior\WriteHtmlCacheBehavior [ RunTime:0.000145s ]
INFO: [ view_filter ] --END-- [ RunTime:0.000158s ]
INFO: [ app_end ] --START--
INFO: Run Behavior\ShowPageTraceBehavior [ RunTime:0.000731s ]
INFO: [ app_end ] --END-- [ RunTime:0.000745s ]

[ 2018-10-19T11:38:32+08:00 ] 127.0.0.1 /index.php/index/login.html
INFO: [ app_init ] --START--
INFO: Run Behavior\BuildLiteBehavior [ RunTime:0.000004s ]
INFO: [ app_init ] --END-- [ RunTime:0.000019s ]
INFO: [ app_begin ] --START--
INFO: Run Behavior\ReadHtmlCacheBehavior [ RunTime:0.000227s ]
INFO: [ app_begin ] --END-- [ RunTime:0.000242s ]
SQL: SHOW COLUMNS FROM `mc_account` [ RunTime:0.0286s ]
SQL: SELECT * FROM `mc_account` WHERE `account` = 'root' LIMIT 1   [ RunTime:0.0290s ]
NOTIC: [8] Use of undefined constant HTTP_X_FORWARDED_FOR - assumed 'HTTP_X_FORWARDED_FOR' G:\zt.ltthk.top\Application\Admin\Common\function.php 第 107 行.
NOTIC: [8] Use of undefined constant HTTP_CLIENT_IP - assumed 'HTTP_CLIENT_IP' G:\zt.ltthk.top\Application\Admin\Common\function.php 第 109 行.
NOTIC: [8] Use of undefined constant REMOTE_ADDR - assumed 'REMOTE_ADDR' G:\zt.ltthk.top\Application\Admin\Common\function.php 第 112 行.
SQL: UPDATE `mc_account` SET `login_time`='2018-10-19 11:38:32',`logincount`='25',`loginip`='127.0.0.1' WHERE `account` = 'root' [ RunTime:0.0307s ]

[ 2018-10-19T11:38:32+08:00 ] 127.0.0.1 /index.php/admin/admin.html
INFO: [ app_init ] --START--
INFO: Run Behavior\BuildLiteBehavior [ RunTime:0.000005s ]
INFO: [ app_init ] --END-- [ RunTime:0.000027s ]
INFO: [ app_begin ] --START--
INFO: Run Behavior\ReadHtmlCacheBehavior [ RunTime:0.000247s ]
INFO: [ app_begin ] --END-- [ RunTime:0.000264s ]
SQL: SHOW COLUMNS FROM `mc_account` [ RunTime:0.0298s ]
SQL: SELECT * FROM `mc_account` WHERE `id` = 1 LIMIT 1   [ RunTime:0.0293s ]
NOTIC: [8] Use of undefined constant ROOT_LEVEL - assumed 'ROOT_LEVEL' G:\zt.ltthk.top\Application\Admin\Controller\AdminController.class.php 第 35 行.
NOTIC: [2] Declaration of Admin\Builder\AdminListBuilder::display($solist = '') should be compatible with Admin\Builder\AdminBuilder::display($templateFile = '', $charset = '', $contentType = '', $content = '', $prefix = '') G:\zt.ltthk.top\Application\Admin\Builder\AdminListBuilder.class.php 第 4 行.
NOTIC: [8] Use of undefined constant ROOT_LEVEL - assumed 'ROOT_LEVEL' G:\zt.ltthk.top\Application\Admin\Builder\AdminListBuilder.class.php 第 17 行.
NOTIC: [8] Undefined variable: that G:\zt.ltthk.top\Application\Admin\Builder\AdminListBuilder.class.php 第 364 行.
NOTIC: [8] Undefined index: totalCount G:\zt.ltthk.top\Application\Admin\Builder\AdminListBuilder.class.php 第 420 行.
NOTIC: [8] Undefined index: listRows G:\zt.ltthk.top\Application\Admin\Builder\AdminListBuilder.class.php 第 420 行.
NOTIC: [8] Use of undefined constant ROOT_LEVEL - assumed 'ROOT_LEVEL' G:\zt.ltthk.top\Application\Admin\Builder\AdminBuilder.class.php 第 35 行.
INFO: [ view_parse ] --START--
INFO: [ template_filter ] --START--
INFO: Run Behavior\ContentReplaceBehavior [ RunTime:0.000053s ]
INFO: [ template_filter ] --END-- [ RunTime:0.000071s ]
NOTIC: [8] Use of undefined constant ROOT_LEVEL - assumed 'ROOT_LEVEL' G:\zt.ltthk.top\Runtime\Cache\Admin\b72816a7e75b2d70f833d506393f0d55.php 第 21 行.
NOTIC: [8] Undefined index: pid G:\zt.ltthk.top\Runtime\Cache\Admin\b72816a7e75b2d70f833d506393f0d55.php 第 91 行.
NOTIC: [8] Undefined index: cid G:\zt.ltthk.top\Runtime\Cache\Admin\b72816a7e75b2d70f833d506393f0d55.php 第 91 行.
INFO: Run Behavior\ParseTemplateBehavior [ RunTime:0.026264s ]
INFO: [ view_parse ] --END-- [ RunTime:0.026281s ]
INFO: [ view_filter ] --START--
INFO: Run Behavior\WriteHtmlCacheBehavior [ RunTime:0.000138s ]
INFO: [ view_filter ] --END-- [ RunTime:0.000151s ]
INFO: [ app_end ] --START--
INFO: Run Behavior\ShowPageTraceBehavior [ RunTime:0.000247s ]
INFO: [ app_end ] --END-- [ RunTime:0.000260s ]

[ 2018-10-19T11:38:42+08:00 ] 127.0.0.1 /index.php/Authorize/refreshAccessToken
INFO: [ app_init ] --START--
INFO: Run Behavior\BuildLiteBehavior [ RunTime:0.000004s ]
INFO: [ app_init ] --END-- [ RunTime:0.000022s ]
INFO: [ app_begin ] --START--
INFO: Run Behavior\ReadHtmlCacheBehavior [ RunTime:0.000238s ]
INFO: [ app_begin ] --END-- [ RunTime:0.000255s ]
SQL: SHOW COLUMNS FROM `mc_account` [ RunTime:0.0316s ]
SQL: SELECT * FROM `mc_account` WHERE `id` = 1 LIMIT 1   [ RunTime:0.0314s ]
NOTIC: [8] Use of undefined constant ROOT_LEVEL - assumed 'ROOT_LEVEL' G:\zt.ltthk.top\Application\Admin\Controller\AdminController.class.php 第 35 行.
ERR: 1054:Unknown column 'wxf825ca9817d90977' in 'where clause'
 [ SQL语句 ] : SELECT appid,refresh_token FROM mc_app WHERE appid = wxf825ca9817d90977 limit 1
ERR: 1054:Unknown column 'wxf825ca9817d90977' in 'where clause'
 [ SQL语句 ] : SELECT appid,refresh_token FROM mc_app WHERE appid = wxf825ca9817d90977 limit 1

[ 2018-10-19T11:38:55+08:00 ] 127.0.0.1 /index.php/Authorize/refreshAccessToken
INFO: [ app_init ] --START--
INFO: Run Behavior\BuildLiteBehavior [ RunTime:0.000003s ]
INFO: [ app_init ] --END-- [ RunTime:0.000019s ]
INFO: [ app_begin ] --START--
INFO: Run Behavior\ReadHtmlCacheBehavior [ RunTime:0.000233s ]
INFO: [ app_begin ] --END-- [ RunTime:0.000249s ]
SQL: SHOW COLUMNS FROM `mc_account` [ RunTime:0.0303s ]
SQL: SELECT * FROM `mc_account` WHERE `id` = 1 LIMIT 1   [ RunTime:0.0307s ]
NOTIC: [8] Use of undefined constant ROOT_LEVEL - assumed 'ROOT_LEVEL' G:\zt.ltthk.top\Application\Admin\Controller\AdminController.class.php 第 35 行.
SQL: SELECT appid,refresh_token FROM mc_app WHERE appid = 'wxf825ca9817d90977' limit 1 [ RunTime:0.0301s ]
INFO: [ app_end ] --START--
INFO: Run Behavior\ShowPageTraceBehavior [ RunTime:0.000376s ]
INFO: [ app_end ] --END-- [ RunTime:0.000394s ]

[ 2018-10-19T11:39:03+08:00 ] 127.0.0.1 /index.php/Authorize/refreshAccessToken
INFO: [ app_init ] --START--
INFO: Run Behavior\BuildLiteBehavior [ RunTime:0.000004s ]
INFO: [ app_init ] --END-- [ RunTime:0.000021s ]
INFO: [ app_begin ] --START--
INFO: Run Behavior\ReadHtmlCacheBehavior [ RunTime:0.000228s ]
INFO: [ app_begin ] --END-- [ RunTime:0.000244s ]
SQL: SHOW COLUMNS FROM `mc_account` [ RunTime:0.0308s ]
SQL: SELECT * FROM `mc_account` WHERE `id` = 1 LIMIT 1   [ RunTime:0.0303s ]
NOTIC: [8] Use of undefined constant ROOT_LEVEL - assumed 'ROOT_LEVEL' G:\zt.ltthk.top\Application\Admin\Controller\AdminController.class.php 第 35 行.
SQL: SELECT appid,refresh_token FROM mc_app WHERE appid = 'wxf825ca9817d90977' limit 1 [ RunTime:0.0296s ]
INFO: [ app_end ] --START--
INFO: Run Behavior\ShowPageTraceBehavior [ RunTime:0.000375s ]
INFO: [ app_end ] --END-- [ RunTime:0.000392s ]

[ 2018-10-19T11:50:52+08:00 ] 127.0.0.1 /index.php/Authorize/refreshAccessToken
INFO: [ app_init ] --START--
INFO: Run Behavior\BuildLiteBehavior [ RunTime:0.000004s ]
INFO: [ app_init ] --END-- [ RunTime:0.000024s ]
INFO: [ app_begin ] --START--
INFO: Run Behavior\ReadHtmlCacheBehavior [ RunTime:0.000270s ]
INFO: [ app_begin ] --END-- [ RunTime:0.000287s ]
SQL: SHOW COLUMNS FROM `mc_account` [ RunTime:0.0298s ]
SQL: SELECT * FROM `mc_account` WHERE `id` = 1 LIMIT 1   [ RunTime:0.0297s ]
NOTIC: [8] Use of undefined constant ROOT_LEVEL - assumed 'ROOT_LEVEL' G:\zt.ltthk.top\Application\Admin\Controller\AdminController.class.php 第 35 行.
SQL: SELECT appid,refresh_token FROM mc_app WHERE appid = 'wxf825ca9817d90977' limit 1 [ RunTime:0.0299s ]
ERR: Too few arguments to function curl_get_https(), 1 passed in G:\zt.ltthk.top\Application\Admin\Controller\AuthorizeController.class.php on line 51 and exactly 2 expected

[ 2018-10-19T11:51:10+08:00 ] 127.0.0.1 /index.php/Authorize/refreshAccessToken
INFO: [ app_init ] --START--
INFO: Run Behavior\BuildLiteBehavior [ RunTime:0.000003s ]
INFO: [ app_init ] --END-- [ RunTime:0.000019s ]
INFO: [ app_begin ] --START--
INFO: Run Behavior\ReadHtmlCacheBehavior [ RunTime:0.000238s ]
INFO: [ app_begin ] --END-- [ RunTime:0.000256s ]
SQL: SHOW COLUMNS FROM `mc_account` [ RunTime:0.0312s ]
SQL: SELECT * FROM `mc_account` WHERE `id` = 1 LIMIT 1   [ RunTime:0.0313s ]
NOTIC: [8] Use of undefined constant ROOT_LEVEL - assumed 'ROOT_LEVEL' G:\zt.ltthk.top\Application\Admin\Controller\AdminController.class.php 第 35 行.
SQL: SELECT appid,refresh_token FROM mc_app WHERE appid = 'wxf825ca9817d90977' limit 1 [ RunTime:0.0311s ]
INFO: [ app_end ] --START--
INFO: Run Behavior\ShowPageTraceBehavior [ RunTime:0.000468s ]
INFO: [ app_end ] --END-- [ RunTime:0.000498s ]

[ 2018-10-19T11:57:18+08:00 ] 127.0.0.1 /index.php/Authorize/refreshAccessToken
INFO: [ app_init ] --START--
INFO: Run Behavior\BuildLiteBehavior [ RunTime:0.000004s ]
INFO: [ app_init ] --END-- [ RunTime:0.000023s ]
INFO: [ app_begin ] --START--
INFO: Run Behavior\ReadHtmlCacheBehavior [ RunTime:0.000275s ]
INFO: [ app_begin ] --END-- [ RunTime:0.000291s ]
SQL: SHOW COLUMNS FROM `mc_account` [ RunTime:0.0306s ]
SQL: SELECT * FROM `mc_account` WHERE `id` = 1 LIMIT 1   [ RunTime:0.0311s ]
NOTIC: [8] Use of undefined constant ROOT_LEVEL - assumed 'ROOT_LEVEL' G:\zt.ltthk.top\Application\Admin\Controller\AdminController.class.php 第 35 行.
SQL: SELECT appid,refresh_token FROM mc_app WHERE appid = 'wxf825ca9817d90977' limit 1 [ RunTime:0.0308s ]
INFO: [ app_end ] --START--
INFO: Run Behavior\ShowPageTraceBehavior [ RunTime:0.000403s ]
INFO: [ app_end ] --END-- [ RunTime:0.000429s ]

[ 2018-10-19T11:57:38+08:00 ] 127.0.0.1 /index.php/Authorize/refreshAccessToken
INFO: [ app_init ] --START--
INFO: Run Behavior\BuildLiteBehavior [ RunTime:0.000004s ]
INFO: [ app_init ] --END-- [ RunTime:0.000021s ]
INFO: [ app_begin ] --START--
INFO: Run Behavior\ReadHtmlCacheBehavior [ RunTime:0.000265s ]
INFO: [ app_begin ] --END-- [ RunTime:0.000282s ]
SQL: SHOW COLUMNS FROM `mc_account` [ RunTime:0.0312s ]
SQL: SELECT * FROM `mc_account` WHERE `id` = 1 LIMIT 1   [ RunTime:0.0306s ]
NOTIC: [8] Use of undefined constant ROOT_LEVEL - assumed 'ROOT_LEVEL' G:\zt.ltthk.top\Application\Admin\Controller\AdminController.class.php 第 35 行.
SQL: SELECT appid,refresh_token FROM mc_app WHERE appid = 'wxf825ca9817d90977' limit 1 [ RunTime:0.0305s ]
INFO: [ app_end ] --START--
INFO: Run Behavior\ShowPageTraceBehavior [ RunTime:0.000391s ]
INFO: [ app_end ] --END-- [ RunTime:0.000416s ]

[ 2018-10-19T11:57:50+08:00 ] 127.0.0.1 /index.php/Authorize/refreshAccessToken
INFO: [ app_init ] --START--
INFO: Run Behavior\BuildLiteBehavior [ RunTime:0.000004s ]
INFO: [ app_init ] --END-- [ RunTime:0.000019s ]
INFO: [ app_begin ] --START--
INFO: Run Behavior\ReadHtmlCacheBehavior [ RunTime:0.000228s ]
INFO: [ app_begin ] --END-- [ RunTime:0.000243s ]
SQL: SHOW COLUMNS FROM `mc_account` [ RunTime:0.0303s ]
SQL: SELECT * FROM `mc_account` WHERE `id` = 1 LIMIT 1   [ RunTime:0.0293s ]
NOTIC: [8] Use of undefined constant ROOT_LEVEL - assumed 'ROOT_LEVEL' G:\zt.ltthk.top\Application\Admin\Controller\AdminController.class.php 第 35 行.
SQL: SELECT appid,refresh_token FROM mc_app WHERE appid = 'wxf825ca9817d90977' limit 1 [ RunTime:0.0296s ]
INFO: [ app_end ] --START--
INFO: Run Behavior\ShowPageTraceBehavior [ RunTime:0.001256s ]
INFO: [ app_end ] --END-- [ RunTime:0.001342s ]

